#
# A fatal error has been detected by the Java Runtime Environment:
#
#  EXCEPTION_ACCESS_VIOLATION (0xc0000005) at pc=0x00007ffaa095f98a, pid=12960, tid=16912
#
# JRE version: Java(TM) SE Runtime Environment (13.0.1+9) (build 13.0.1+9)
# Java VM: Java HotSpot(TM) 64-Bit Server VM (13.0.1+9, mixed mode, sharing, tiered, compressed oops, g1 gc, windows-amd64)
# Problematic frame:
# C  [awt.dll+0x8f98a]
#
# No core dump will be written. Minidumps are not enabled by default on client versions of Windows
#
# If you would like to submit a bug report, please visit:
#   http://bugreport.java.com/bugreport/crash.jsp
# The crash happened outside the Java Virtual Machine in native code.
# See problematic frame for where to report the bug.
#

---------------  S U M M A R Y ------------

Command Line: -javaagent:C:\Program Files\JetBrains\IntelliJ IDEA Community Edition 2019.2.4\lib\idea_rt.jar=53268:C:\Program Files\JetBrains\IntelliJ IDEA Community Edition 2019.2.4\bin -Dfile.encoding=UTF-8 com.github.kabocchi.king_LMS_Lite.MainKt

Host: Intel(R) Core(TM) i7-8565U CPU @ 1.80GHz, 8 cores, 15G,  Windows 10 , 64 bit Build 18362 (10.0.18362.329)
Time: Mon Nov 11 11:56:52 2019 ???? (?W?€??) elapsed time: 0 seconds (0d 0h 0m 0s)

---------------  T H R E A D  ---------------

Current thread (0x00000286a1294000):  JavaThread "JavaFX Application Thread" [_thread_in_native, id=16912, stack(0x000000889e400000,0x000000889e500000)]

Stack: [0x000000889e400000,0x000000889e500000],  sp=0x000000889e4fd4e0,  free space=1013k
Native frames: (J=compiled Java code, j=interpreted, Vv=VM code, C=native code)
C  [awt.dll+0x8f98a]

Java frames: (J=compiled Java code, j=interpreted, Vv=VM code)
j  sun.awt.windows.WComponentPeer._setFont(Ljava/awt/Font;)V+0 java.desktop@13.0.1
j  sun.awt.windows.WComponentPeer.setFont(Ljava/awt/Font;)V+7 java.desktop@13.0.1
j  sun.awt.windows.WWindowPeer.initialize()V+42 java.desktop@13.0.1
j  sun.awt.windows.WFramePeer.initialize()V+1 java.desktop@13.0.1
j  sun.awt.windows.WComponentPeer.<init>(Ljava/awt/Component;)V+83 java.desktop@13.0.1
j  sun.awt.windows.WCanvasPeer.<init>(Ljava/awt/Component;)V+2 java.desktop@13.0.1
j  sun.awt.windows.WPanelPeer.<init>(Ljava/awt/Component;)V+2 java.desktop@13.0.1
j  sun.awt.windows.WWindowPeer.<init>(Ljava/awt/Window;)V+2 java.desktop@13.0.1
j  sun.awt.windows.WFramePeer.<init>(Ljava/awt/Frame;)V+2 java.desktop@13.0.1
j  sun.awt.windows.WToolkit.createFrame(Ljava/awt/Frame;)Ljava/awt/peer/FramePeer;+5 java.desktop@13.0.1
j  java.awt.Frame.addNotify()V+20 java.desktop@13.0.1
j  sun.awt.windows.WTrayIconPeer.<init>(Ljava/awt/TrayIcon;)V+43 java.desktop@13.0.1
j  sun.awt.windows.WToolkit.createTrayIcon(Ljava/awt/TrayIcon;)Ljava/awt/peer/TrayIconPeer;+5 java.desktop@13.0.1
j  java.awt.TrayIcon.addNotify()V+30 java.desktop@13.0.1
j  java.awt.SystemTray.add(Ljava/awt/TrayIcon;)V+142 java.desktop@13.0.1
j  com.github.kabocchi.king_LMS_Lite.Main.initSystemTray()V+250
j  com.github.kabocchi.king_LMS_Lite.Main.start(Ljavafx/stage/Stage;)V+31
j  com.sun.javafx.application.LauncherImpl.lambda$launchApplication1$9(Ljava/util/concurrent/atomic/AtomicBoolean;Ljavafx/application/Application;)V+20
j  com.sun.javafx.application.LauncherImpl$$Lambda$76.run()V+8
j  com.sun.javafx.application.PlatformImpl.lambda$runAndWait$12(Ljava/lang/Runnable;Ljava/util/concurrent/CountDownLatch;)V+1
j  com.sun.javafx.application.PlatformImpl$$Lambda$72.run()V+8
j  com.sun.javafx.application.PlatformImpl.lambda$runLater$10(Ljava/lang/Runnable;)Ljava/lang/Void;+1
j  com.sun.javafx.application.PlatformImpl$$Lambda$74.run()Ljava/lang/Object;+4
j  java.security.AccessController.executePrivileged(Ljava/security/PrivilegedAction;Ljava/security/AccessControlContext;Ljava/lang/Class;)Ljava/lang/Object;+29 java.base@13.0.1
j  java.security.AccessController.doPrivileged(Ljava/security/PrivilegedAction;Ljava/security/AccessControlContext;)Ljava/lang/Object;+13 java.base@13.0.1
j  com.sun.javafx.application.PlatformImpl.lambda$runLater$11(Ljava/lang/Runnable;Ljava/security/AccessControlContext;)V+7
j  com.sun.javafx.application.PlatformImpl$$Lambda$73.run()V+8
j  com.sun.glass.ui.InvokeLaterDispatcher$Future.run()V+4
v  ~StubRoutines::call_stub
j  com.sun.glass.ui.win.WinApplication._runLoop(Ljava/lang/Runnable;)V+0
j  com.sun.glass.ui.win.WinApplication.lambda$runLoop$3(ILjava/lang/Runnable;)V+8
j  com.sun.glass.ui.win.WinApplication$$Lambda$62.run()V+12
j  java.lang.Thread.run()V+11 java.base@13.0.1
v  ~StubRoutines::call_stub

siginfo: EXCEPTION_ACCESS_VIOLATION (0xc0000005), reading address 0x0000000000000058


Register to memory mapping:

RIP=0x00007ffaa095f98a awt.dll
RAX=0x00007ffaa09db6a0 awt.dll
RBX=0x00000286a1294310 points into unknown readable memory: 50 e8 72 94 fa 7f 00 00
RCX=0x00000286a13d4960 points into unknown readable memory: a0 b6 9d a0 fa 7f 00 00
RDX=0x0 is NULL
RSP=0x000000889e4fd4e0 is pointing into the stack for thread: 0x00000286a1294000
RBP=0x0 is NULL
RSI=0x00000286a1392c50 is a global jni handle
RDI=0x00000286a1392c58 is a global jni handle
R8 =0x0000000000000042 is an unknown value
R9 =0x0000000800b86fd0 is a pointer to class: 
java.awt.Font {0x0000000800b86fd8}
R10=0x0000000000008000 is an unknown value
R11=0x000000889e4fd4e0 is pointing into the stack for thread: 0x00000286a1294000
R12=0x0 is NULL
R13={method} {0x000002869ffbc910} '_setFont' '(Ljava/awt/Font;)V' in 'sun/awt/windows/WComponentPeer'
R14=0x00000286a13d4960 points into unknown readable memory: a0 b6 9d a0 fa 7f 00 00
R15=0x00000286a144a3f0 points into unknown readable memory: 50 2c 39 a1 86 02 00 00


Registers:
RAX=0x00007ffaa09db6a0, RBX=0x00000286a1294310, RCX=0x00000286a13d4960, RDX=0x0000000000000000
RSP=0x000000889e4fd4e0, RBP=0x0000000000000000, RSI=0x00000286a1392c50, RDI=0x00000286a1392c58
R8 =0x0000000000000042, R9 =0x0000000800b86fd0, R10=0x0000000000008000, R11=0x000000889e4fd4e0
R12=0x0000000000000000, R13=0x000002869ffbc908, R14=0x00000286a13d4960, R15=0x00000286a144a3f0
RIP=0x00007ffaa095f98a, EFLAGS=0x0000000000010202

Top of Stack: (sp=0x000000889e4fd4e0)
0x000000889e4fd4e0:   00000286a144a3f0 00000286a13d4960
0x000000889e4fd4f0:   00000286a144a3f0 00000286a13d4960
0x000000889e4fd500:   00000286a1392c58 00007ffaa0964895
0x000000889e4fd510:   00000286a1294310 00000286a1294310
0x000000889e4fd520:   0000000000000000 00000286a1392c50
0x000000889e4fd530:   00000286a1294000 000000889e4fd680
0x000000889e4fd540:   00000286a144a3f0 00007ffaa099d7db
0x000000889e4fd550:   00007ffaa0a20018 000000889e4fd658
0x000000889e4fd560:   00007ffaa0964768 0000000000000000
0x000000889e4fd570:   fffffffffffffffe fffffffffffffffe
0x000000889e4fd580:   00000286a1392c50 00007ffaa0965a5c
0x000000889e4fd590:   00000286a1392c58 000000889e4fd678
0x000000889e4fd5a0:   000000889e4fd678 00007ffaa0a20018
0x000000889e4fd5b0:   fffffffffffffffe 0000000000000000
0x000000889e4fd5c0:   000002868843a273 0000028688440254
0x000000889e4fd5d0:   000002869ffbc908 0000000000000000 

Instructions: (pc=0x00007ffaa095f98a)
0x00007ffaa095f88a:   00 48 8b d9 e8 d9 dc ff ff 48 8b f8 48 85 c0 75
0x00007ffaa095f89a:   04 48 8b 7b 48 48 8b cf e8 7c 15 05 00 48 8b d8
0x00007ffaa095f8aa:   48 85 c0 74 60 83 64 24 20 00 0f 57 c0 83 64 24
0x00007ffaa095f8ba:   34 00 b9 11 00 00 00 83 64 24 38 00 f3 0f 7f 44
0x00007ffaa095f8ca:   24 24 ff 15 46 ca 0b 00 4c 8d 44 24 40 ba 5c 00
0x00007ffaa095f8da:   00 00 48 8b c8 ff 15 eb cc 0b 00 83 f8 5c 75 0d
0x00007ffaa095f8ea:   48 8d 54 24 40 48 8b cb e8 db 15 05 00 48 8d 54
0x00007ffaa095f8fa:   24 20 48 8b cb e8 f2 15 05 00 48 8b d3 48 8b cf
0x00007ffaa095f90a:   e8 9f 15 05 00 48 8b 8c 24 a0 00 00 00 48 33 cc
0x00007ffaa095f91a:   e8 d1 22 05 00 48 8b 9c 24 c8 00 00 00 48 81 c4
0x00007ffaa095f92a:   b0 00 00 00 5f c3 40 53 48 83 ec 20 48 8b d9 ff
0x00007ffaa095f93a:   15 29 d2 0b 00 48 85 c0 75 0a 48 8b 4b 48 ff 15
0x00007ffaa095f94a:   12 d2 0b 00 48 83 c4 20 5b c3 4c 63 c2 48 8b 15
0x00007ffaa095f95a:   ea b5 0b 00 48 ff 25 a3 d0 0b 00 cc cc cc 48 8b
0x00007ffaa095f96a:   d1 48 8b 0d de e5 0b 00 48 89 15 d7 e5 0b 00 e9
0x00007ffaa095f97a:   f6 63 04 00 cc cc 48 89 5c 24 08 57 48 83 ec 20
0x00007ffaa095f98a:   83 7a 58 00 48 8b da 48 8b f9 7d 08 48 8b ca e8
0x00007ffaa095f99a:   4a 95 01 00 4c 8b 43 48 45 33 c9 48 8b 4f 48 4d
0x00007ffaa095f9aa:   8b 00 41 8d 51 30 ff 15 1a d3 0b 00 48 8b 4f 48
0x00007ffaa095f9ba:   33 d2 44 8d 42 01 48 8b 5c 24 30 48 83 c4 20 5f
0x00007ffaa095f9ca:   48 ff 25 b7 d1 0b 00 cc cc cc 48 8b c4 48 89 58
0x00007ffaa095f9da:   08 48 89 68 10 48 89 70 18 48 89 78 20 41 56 48
0x00007ffaa095f9ea:   83 ec 20 4c 8b f2 48 8b f9 48 8b 0d 1e 04 0c 00
0x00007ffaa095f9fa:   ba 02 00 01 00 41 8b e8 e8 ec 20 05 00 48 8b 97
0x00007ffaa095fa0a:   c0 00 00 00 33 db 48 8b f0 48 85 d2 74 0d 4c 8b
0x00007ffaa095fa1a:   08 48 8b c8 41 ff 91 b0 00 00 00 4d 85 f6 74 14
0x00007ffaa095fa2a:   48 8b 06 49 8b d6 48 8b ce ff 90 a8 00 00 00 48
0x00007ffaa095fa3a:   8b d8 eb 05 bd 01 00 00 00 48 89 9f c0 00 00 00
0x00007ffaa095fa4a:   89 af c8 00 00 00 48 8b 5c 24 30 48 8b 6c 24 38
0x00007ffaa095fa5a:   48 8b 74 24 40 48 8b 7c 24 48 48 83 c4 20 41 5e
0x00007ffaa095fa6a:   c3 cc 48 89 5c 24 08 48 89 6c 24 10 48 89 74 24
0x00007ffaa095fa7a:   18 57 48 83 ec 20 33 db 48 8b f9 48 85 c9 75 09 


Stack slot to memory mapping:
stack at sp + 0 slots: 0x00000286a144a3f0 points into unknown readable memory: 50 2c 39 a1 86 02 00 00
stack at sp + 1 slots: 0x00000286a13d4960 points into unknown readable memory: a0 b6 9d a0 fa 7f 00 00
stack at sp + 2 slots: 0x00000286a144a3f0 points into unknown readable memory: 50 2c 39 a1 86 02 00 00
stack at sp + 3 slots: 0x00000286a13d4960 points into unknown readable memory: a0 b6 9d a0 fa 7f 00 00
stack at sp + 4 slots: 0x00000286a1392c58 is a global jni handle
stack at sp + 5 slots: 0x00007ffaa0964895 awt.dll
stack at sp + 6 slots: 0x00000286a1294310 points into unknown readable memory: 50 e8 72 94 fa 7f 00 00
stack at sp + 7 slots: 0x00000286a1294310 points into unknown readable memory: 50 e8 72 94 fa 7f 00 00


---------------  P R O C E S S  ---------------

Threads class SMR info:
_java_thread_list=0x00000286a13f2a80, length=21, elements={
0x00000286fc00f800, 0x00000286a0556000, 0x00000286a0557000, 0x00000286a0578800,
0x00000286a0579800, 0x00000286a057b000, 0x00000286a057c000, 0x00000286a0583000,
0x00000286a0540800, 0x00000286a0901800, 0x00000286a0904000, 0x00000286a06fb800,
0x00000286a1079000, 0x00000286a0ce6800, 0x00000286a0fab000, 0x00000286a1294000,
0x00000286a1350000, 0x00000286a138d800, 0x00000286a138e800, 0x00000286a1390800,
0x00000286a1451800
}

Java Threads: ( => current thread )
  0x00000286fc00f800 JavaThread "main" [_thread_blocked, id=1752, stack(0x000000889ce00000,0x000000889cf00000)]
  0x00000286a0556000 JavaThread "Reference Handler" daemon [_thread_blocked, id=11052, stack(0x000000889d500000,0x000000889d600000)]
  0x00000286a0557000 JavaThread "Finalizer" daemon [_thread_blocked, id=15552, stack(0x000000889d600000,0x000000889d700000)]
  0x00000286a0578800 JavaThread "Signal Dispatcher" daemon [_thread_blocked, id=7760, stack(0x000000889d700000,0x000000889d800000)]
  0x00000286a0579800 JavaThread "Attach Listener" daemon [_thread_blocked, id=10548, stack(0x000000889d800000,0x000000889d900000)]
  0x00000286a057b000 JavaThread "C2 CompilerThread0" daemon [_thread_blocked, id=17288, stack(0x000000889d900000,0x000000889da00000)]
  0x00000286a057c000 JavaThread "C1 CompilerThread0" daemon [_thread_blocked, id=13604, stack(0x000000889da00000,0x000000889db00000)]
  0x00000286a0583000 JavaThread "Sweeper thread" daemon [_thread_blocked, id=9632, stack(0x000000889db00000,0x000000889dc00000)]
  0x00000286a0540800 JavaThread "Common-Cleaner" daemon [_thread_blocked, id=4032, stack(0x000000889dc00000,0x000000889dd00000)]
  0x00000286a0901800 JavaThread "Monitor Ctrl-Break" daemon [_thread_in_native, id=2568, stack(0x000000889dd00000,0x000000889de00000)]
  0x00000286a0904000 JavaThread "Service Thread" daemon [_thread_blocked, id=4260, stack(0x000000889de00000,0x000000889df00000)]
  0x00000286a06fb800 JavaThread "JavaFX-Launcher" [_thread_blocked, id=13832, stack(0x000000889e000000,0x000000889e100000)]
  0x00000286a1079000 JavaThread "C2 CompilerThread1" daemon [_thread_blocked, id=9784, stack(0x000000889e100000,0x000000889e200000)]
  0x00000286a0ce6800 JavaThread "QuantumRenderer-0" daemon [_thread_blocked, id=3984, stack(0x000000889e200000,0x000000889e300000)]
  0x00000286a0fab000 JavaThread "InvokeLaterDispatcher" daemon [_thread_blocked, id=16104, stack(0x000000889e300000,0x000000889e400000)]
=>0x00000286a1294000 JavaThread "JavaFX Application Thread" [_thread_in_native, id=16912, stack(0x000000889e400000,0x000000889e500000)]
  0x00000286a1350000 JavaThread "Thread-2" daemon [_thread_in_native, id=11132, stack(0x000000889e800000,0x000000889e900000)]
  0x00000286a138d800 JavaThread "Java2D Disposer" daemon [_thread_blocked, id=9380, stack(0x000000889e900000,0x000000889ea00000)]
  0x00000286a138e800 JavaThread "AWT-Shutdown" [_thread_blocked, id=524, stack(0x000000889ea00000,0x000000889eb00000)]
  0x00000286a1390800 JavaThread "AWT-Windows" daemon [_thread_in_native, id=10788, stack(0x000000889eb00000,0x000000889ec00000)]
  0x00000286a1451800 JavaThread "AWT-EventQueue-0" [_thread_blocked, id=4368, stack(0x000000889ec00000,0x000000889ed00000)]

Other Threads:
  0x00000286a0551000 VMThread "VM Thread" [stack: 0x000000889d400000,0x000000889d500000] [id=18320]
  0x00000286a0908000 WatcherThread [stack: 0x000000889df00000,0x000000889e000000] [id=10936]
  0x00000286fc07b000 GCTaskThread "GC Thread#0" [stack: 0x000000889cf00000,0x000000889d000000] [id=11804]
  0x00000286fc09c800 ConcurrentGCThread "G1 Main Marker" [stack: 0x000000889d000000,0x000000889d100000] [id=1220]
  0x00000286fc09f800 ConcurrentGCThread "G1 Conc#0" [stack: 0x000000889d100000,0x000000889d200000] [id=10700]
  0x000002869f67a000 ConcurrentGCThread "G1 Refine#0" [stack: 0x000000889d200000,0x000000889d300000] [id=5792]
  0x000002869f67b000 ConcurrentGCThread "G1 Young RemSet Sampling" [stack: 0x000000889d300000,0x000000889d400000] [id=8228]

Threads with active compile tasks:

VM state:not at safepoint (normal execution)

VM Mutex/Monitor currently owned by a thread: None

Heap address: 0x0000000701c00000, size: 4068 MB, Compressed Oops mode: Zero based, Oop shift amount: 3
Narrow klass base: 0x0000000800000000, Narrow klass shift: 3
Compressed class space size: 1073741824 Address: 0x0000000800b40000

Heap:
 garbage-first heap   total 262144K, used 20480K [0x0000000701c00000, 0x0000000800000000)
  region size 1024K, 20 young (20480K), 0 survivors (0K)
 Metaspace       used 8726K, capacity 8963K, committed 9088K, reserved 1056768K
  class space    used 976K, capacity 1059K, committed 1152K, reserved 1048576K
Heap Regions: E=young(eden), S=young(survivor), O=old, HS=humongous(starts), HC=humongous(continues), CS=collection set, F=free, A=archive, TAMS=top-at-mark-start (previous, next)
|   0|0x0000000701c00000, 0x0000000701d00000, 0x0000000701d00000|100%|HS|  |TAMS 0x0000000701c00000, 0x0000000701c00000| Complete 
|   1|0x0000000701d00000, 0x0000000701e00000, 0x0000000701e00000|100%|HC|  |TAMS 0x0000000701d00000, 0x0000000701d00000| Complete 
|   2|0x0000000701e00000, 0x0000000701e00000, 0x0000000701f00000|  0%| F|  |TAMS 0x0000000701e00000, 0x0000000701e00000| Untracked 
|   3|0x0000000701f00000, 0x0000000701f00000, 0x0000000702000000|  0%| F|  |TAMS 0x0000000701f00000, 0x0000000701f00000| Untracked 
|   4|0x0000000702000000, 0x0000000702000000, 0x0000000702100000|  0%| F|  |TAMS 0x0000000702000000, 0x0000000702000000| Untracked 
|   5|0x0000000702100000, 0x0000000702100000, 0x0000000702200000|  0%| F|  |TAMS 0x0000000702100000, 0x0000000702100000| Untracked 
|   6|0x0000000702200000, 0x0000000702200000, 0x0000000702300000|  0%| F|  |TAMS 0x0000000702200000, 0x0000000702200000| Untracked 
|   7|0x0000000702300000, 0x0000000702300000, 0x0000000702400000|  0%| F|  |TAMS 0x0000000702300000, 0x0000000702300000| Untracked 
|   8|0x0000000702400000, 0x0000000702400000, 0x0000000702500000|  0%| F|  |TAMS 0x0000000702400000, 0x0000000702400000| Untracked 
|   9|0x0000000702500000, 0x0000000702500000, 0x0000000702600000|  0%| F|  |TAMS 0x0000000702500000, 0x0000000702500000| Untracked 
|  10|0x0000000702600000, 0x0000000702600000, 0x0000000702700000|  0%| F|  |TAMS 0x0000000702600000, 0x0000000702600000| Untracked 
|  11|0x0000000702700000, 0x0000000702700000, 0x0000000702800000|  0%| F|  |TAMS 0x0000000702700000, 0x0000000702700000| Untracked 
|  12|0x0000000702800000, 0x0000000702800000, 0x0000000702900000|  0%| F|  |TAMS 0x0000000702800000, 0x0000000702800000| Untracked 
|  13|0x0000000702900000, 0x0000000702900000, 0x0000000702a00000|  0%| F|  |TAMS 0x0000000702900000, 0x0000000702900000| Untracked 
|  14|0x0000000702a00000, 0x0000000702a00000, 0x0000000702b00000|  0%| F|  |TAMS 0x0000000702a00000, 0x0000000702a00000| Untracked 
|  15|0x0000000702b00000, 0x0000000702b00000, 0x0000000702c00000|  0%| F|  |TAMS 0x0000000702b00000, 0x0000000702b00000| Untracked 
|  16|0x0000000702c00000, 0x0000000702c00000, 0x0000000702d00000|  0%| F|  |TAMS 0x0000000702c00000, 0x0000000702c00000| Untracked 
|  17|0x0000000702d00000, 0x0000000702d00000, 0x0000000702e00000|  0%| F|  |TAMS 0x0000000702d00000, 0x0000000702d00000| Untracked 
|  18|0x0000000702e00000, 0x0000000702e00000, 0x0000000702f00000|  0%| F|  |TAMS 0x0000000702e00000, 0x0000000702e00000| Untracked 
|  19|0x0000000702f00000, 0x0000000702f00000, 0x0000000703000000|  0%| F|  |TAMS 0x0000000702f00000, 0x0000000702f00000| Untracked 
|  20|0x0000000703000000, 0x0000000703000000, 0x0000000703100000|  0%| F|  |TAMS 0x0000000703000000, 0x0000000703000000| Untracked 
|  21|0x0000000703100000, 0x0000000703100000, 0x0000000703200000|  0%| F|  |TAMS 0x0000000703100000, 0x0000000703100000| Untracked 
|  22|0x0000000703200000, 0x0000000703200000, 0x0000000703300000|  0%| F|  |TAMS 0x0000000703200000, 0x0000000703200000| Untracked 
|  23|0x0000000703300000, 0x0000000703300000, 0x0000000703400000|  0%| F|  |TAMS 0x0000000703300000, 0x0000000703300000| Untracked 
|  24|0x0000000703400000, 0x0000000703400000, 0x0000000703500000|  0%| F|  |TAMS 0x0000000703400000, 0x0000000703400000| Untracked 
|  25|0x0000000703500000, 0x0000000703500000, 0x0000000703600000|  0%| F|  |TAMS 0x0000000703500000, 0x0000000703500000| Untracked 
|  26|0x0000000703600000, 0x0000000703600000, 0x0000000703700000|  0%| F|  |TAMS 0x0000000703600000, 0x0000000703600000| Untracked 
|  27|0x0000000703700000, 0x0000000703700000, 0x0000000703800000|  0%| F|  |TAMS 0x0000000703700000, 0x0000000703700000| Untracked 
|  28|0x0000000703800000, 0x0000000703800000, 0x0000000703900000|  0%| F|  |TAMS 0x0000000703800000, 0x0000000703800000| Untracked 
|  29|0x0000000703900000, 0x0000000703900000, 0x0000000703a00000|  0%| F|  |TAMS 0x0000000703900000, 0x0000000703900000| Untracked 
|  30|0x0000000703a00000, 0x0000000703a00000, 0x0000000703b00000|  0%| F|  |TAMS 0x0000000703a00000, 0x0000000703a00000| Untracked 
|  31|0x0000000703b00000, 0x0000000703b00000, 0x0000000703c00000|  0%| F|  |TAMS 0x0000000703b00000, 0x0000000703b00000| Untracked 
|  32|0x0000000703c00000, 0x0000000703c00000, 0x0000000703d00000|  0%| F|  |TAMS 0x0000000703c00000, 0x0000000703c00000| Untracked 
|  33|0x0000000703d00000, 0x0000000703d00000, 0x0000000703e00000|  0%| F|  |TAMS 0x0000000703d00000, 0x0000000703d00000| Untracked 
|  34|0x0000000703e00000, 0x0000000703e00000, 0x0000000703f00000|  0%| F|  |TAMS 0x0000000703e00000, 0x0000000703e00000| Untracked 
|  35|0x0000000703f00000, 0x0000000703f00000, 0x0000000704000000|  0%| F|  |TAMS 0x0000000703f00000, 0x0000000703f00000| Untracked 
|  36|0x0000000704000000, 0x0000000704000000, 0x0000000704100000|  0%| F|  |TAMS 0x0000000704000000, 0x0000000704000000| Untracked 
|  37|0x0000000704100000, 0x0000000704100000, 0x0000000704200000|  0%| F|  |TAMS 0x0000000704100000, 0x0000000704100000| Untracked 
|  38|0x0000000704200000, 0x0000000704200000, 0x0000000704300000|  0%| F|  |TAMS 0x0000000704200000, 0x0000000704200000| Untracked 
|  39|0x0000000704300000, 0x0000000704300000, 0x0000000704400000|  0%| F|  |TAMS 0x0000000704300000, 0x0000000704300000| Untracked 
|  40|0x0000000704400000, 0x0000000704400000, 0x0000000704500000|  0%| F|  |TAMS 0x0000000704400000, 0x0000000704400000| Untracked 
|  41|0x0000000704500000, 0x0000000704500000, 0x0000000704600000|  0%| F|  |TAMS 0x0000000704500000, 0x0000000704500000| Untracked 
|  42|0x0000000704600000, 0x0000000704600000, 0x0000000704700000|  0%| F|  |TAMS 0x0000000704600000, 0x0000000704600000| Untracked 
|  43|0x0000000704700000, 0x0000000704700000, 0x0000000704800000|  0%| F|  |TAMS 0x0000000704700000, 0x0000000704700000| Untracked 
|  44|0x0000000704800000, 0x0000000704800000, 0x0000000704900000|  0%| F|  |TAMS 0x0000000704800000, 0x0000000704800000| Untracked 
|  45|0x0000000704900000, 0x0000000704900000, 0x0000000704a00000|  0%| F|  |TAMS 0x0000000704900000, 0x0000000704900000| Untracked 
|  46|0x0000000704a00000, 0x0000000704a00000, 0x0000000704b00000|  0%| F|  |TAMS 0x0000000704a00000, 0x0000000704a00000| Untracked 
|  47|0x0000000704b00000, 0x0000000704b00000, 0x0000000704c00000|  0%| F|  |TAMS 0x0000000704b00000, 0x0000000704b00000| Untracked 
|  48|0x0000000704c00000, 0x0000000704c00000, 0x0000000704d00000|  0%| F|  |TAMS 0x0000000704c00000, 0x0000000704c00000| Untracked 
|  49|0x0000000704d00000, 0x0000000704d00000, 0x0000000704e00000|  0%| F|  |TAMS 0x0000000704d00000, 0x0000000704d00000| Untracked 
|  50|0x0000000704e00000, 0x0000000704e00000, 0x0000000704f00000|  0%| F|  |TAMS 0x0000000704e00000, 0x0000000704e00000| Untracked 
|  51|0x0000000704f00000, 0x0000000704f00000, 0x0000000705000000|  0%| F|  |TAMS 0x0000000704f00000, 0x0000000704f00000| Untracked 
|  52|0x0000000705000000, 0x0000000705000000, 0x0000000705100000|  0%| F|  |TAMS 0x0000000705000000, 0x0000000705000000| Untracked 
|  53|0x0000000705100000, 0x0000000705100000, 0x0000000705200000|  0%| F|  |TAMS 0x0000000705100000, 0x0000000705100000| Untracked 
|  54|0x0000000705200000, 0x0000000705200000, 0x0000000705300000|  0%| F|  |TAMS 0x0000000705200000, 0x0000000705200000| Untracked 
|  55|0x0000000705300000, 0x0000000705300000, 0x0000000705400000|  0%| F|  |TAMS 0x0000000705300000, 0x0000000705300000| Untracked 
|  56|0x0000000705400000, 0x0000000705400000, 0x0000000705500000|  0%| F|  |TAMS 0x0000000705400000, 0x0000000705400000| Untracked 
|  57|0x0000000705500000, 0x0000000705500000, 0x0000000705600000|  0%| F|  |TAMS 0x0000000705500000, 0x0000000705500000| Untracked 
|  58|0x0000000705600000, 0x0000000705600000, 0x0000000705700000|  0%| F|  |TAMS 0x0000000705600000, 0x0000000705600000| Untracked 
|  59|0x0000000705700000, 0x0000000705700000, 0x0000000705800000|  0%| F|  |TAMS 0x0000000705700000, 0x0000000705700000| Untracked 
|  60|0x0000000705800000, 0x0000000705800000, 0x0000000705900000|  0%| F|  |TAMS 0x0000000705800000, 0x0000000705800000| Untracked 
|  61|0x0000000705900000, 0x0000000705900000, 0x0000000705a00000|  0%| F|  |TAMS 0x0000000705900000, 0x0000000705900000| Untracked 
|  62|0x0000000705a00000, 0x0000000705a00000, 0x0000000705b00000|  0%| F|  |TAMS 0x0000000705a00000, 0x0000000705a00000| Untracked 
|  63|0x0000000705b00000, 0x0000000705b00000, 0x0000000705c00000|  0%| F|  |TAMS 0x0000000705b00000, 0x0000000705b00000| Untracked 
|  64|0x0000000705c00000, 0x0000000705c00000, 0x0000000705d00000|  0%| F|  |TAMS 0x0000000705c00000, 0x0000000705c00000| Untracked 
|  65|0x0000000705d00000, 0x0000000705d00000, 0x0000000705e00000|  0%| F|  |TAMS 0x0000000705d00000, 0x0000000705d00000| Untracked 
|  66|0x0000000705e00000, 0x0000000705e00000, 0x0000000705f00000|  0%| F|  |TAMS 0x0000000705e00000, 0x0000000705e00000| Untracked 
|  67|0x0000000705f00000, 0x0000000705f00000, 0x0000000706000000|  0%| F|  |TAMS 0x0000000705f00000, 0x0000000705f00000| Untracked 
|  68|0x0000000706000000, 0x0000000706000000, 0x0000000706100000|  0%| F|  |TAMS 0x0000000706000000, 0x0000000706000000| Untracked 
|  69|0x0000000706100000, 0x0000000706100000, 0x0000000706200000|  0%| F|  |TAMS 0x0000000706100000, 0x0000000706100000| Untracked 
|  70|0x0000000706200000, 0x0000000706200000, 0x0000000706300000|  0%| F|  |TAMS 0x0000000706200000, 0x0000000706200000| Untracked 
|  71|0x0000000706300000, 0x0000000706300000, 0x0000000706400000|  0%| F|  |TAMS 0x0000000706300000, 0x0000000706300000| Untracked 
|  72|0x0000000706400000, 0x0000000706400000, 0x0000000706500000|  0%| F|  |TAMS 0x0000000706400000, 0x0000000706400000| Untracked 
|  73|0x0000000706500000, 0x0000000706500000, 0x0000000706600000|  0%| F|  |TAMS 0x0000000706500000, 0x0000000706500000| Untracked 
|  74|0x0000000706600000, 0x0000000706600000, 0x0000000706700000|  0%| F|  |TAMS 0x0000000706600000, 0x0000000706600000| Untracked 
|  75|0x0000000706700000, 0x0000000706700000, 0x0000000706800000|  0%| F|  |TAMS 0x0000000706700000, 0x0000000706700000| Untracked 
|  76|0x0000000706800000, 0x0000000706800000, 0x0000000706900000|  0%| F|  |TAMS 0x0000000706800000, 0x0000000706800000| Untracked 
|  77|0x0000000706900000, 0x0000000706900000, 0x0000000706a00000|  0%| F|  |TAMS 0x0000000706900000, 0x0000000706900000| Untracked 
|  78|0x0000000706a00000, 0x0000000706a00000, 0x0000000706b00000|  0%| F|  |TAMS 0x0000000706a00000, 0x0000000706a00000| Untracked 
|  79|0x0000000706b00000, 0x0000000706b00000, 0x0000000706c00000|  0%| F|  |TAMS 0x0000000706b00000, 0x0000000706b00000| Untracked 
|  80|0x0000000706c00000, 0x0000000706c00000, 0x0000000706d00000|  0%| F|  |TAMS 0x0000000706c00000, 0x0000000706c00000| Untracked 
|  81|0x0000000706d00000, 0x0000000706d00000, 0x0000000706e00000|  0%| F|  |TAMS 0x0000000706d00000, 0x0000000706d00000| Untracked 
|  82|0x0000000706e00000, 0x0000000706e00000, 0x0000000706f00000|  0%| F|  |TAMS 0x0000000706e00000, 0x0000000706e00000| Untracked 
|  83|0x0000000706f00000, 0x0000000706f00000, 0x0000000707000000|  0%| F|  |TAMS 0x0000000706f00000, 0x0000000706f00000| Untracked 
|  84|0x0000000707000000, 0x0000000707000000, 0x0000000707100000|  0%| F|  |TAMS 0x0000000707000000, 0x0000000707000000| Untracked 
|  85|0x0000000707100000, 0x0000000707100000, 0x0000000707200000|  0%| F|  |TAMS 0x0000000707100000, 0x0000000707100000| Untracked 
|  86|0x0000000707200000, 0x0000000707200000, 0x0000000707300000|  0%| F|  |TAMS 0x0000000707200000, 0x0000000707200000| Untracked 
|  87|0x0000000707300000, 0x0000000707300000, 0x0000000707400000|  0%| F|  |TAMS 0x0000000707300000, 0x0000000707300000| Untracked 
|  88|0x0000000707400000, 0x0000000707400000, 0x0000000707500000|  0%| F|  |TAMS 0x0000000707400000, 0x0000000707400000| Untracked 
|  89|0x0000000707500000, 0x0000000707500000, 0x0000000707600000|  0%| F|  |TAMS 0x0000000707500000, 0x0000000707500000| Untracked 
|  90|0x0000000707600000, 0x0000000707600000, 0x0000000707700000|  0%| F|  |TAMS 0x0000000707600000, 0x0000000707600000| Untracked 
|  91|0x0000000707700000, 0x0000000707700000, 0x0000000707800000|  0%| F|  |TAMS 0x0000000707700000, 0x0000000707700000| Untracked 
|  92|0x0000000707800000, 0x0000000707800000, 0x0000000707900000|  0%| F|  |TAMS 0x0000000707800000, 0x0000000707800000| Untracked 
|  93|0x0000000707900000, 0x0000000707900000, 0x0000000707a00000|  0%| F|  |TAMS 0x0000000707900000, 0x0000000707900000| Untracked 
|  94|0x0000000707a00000, 0x0000000707a00000, 0x0000000707b00000|  0%| F|  |TAMS 0x0000000707a00000, 0x0000000707a00000| Untracked 
|  95|0x0000000707b00000, 0x0000000707b00000, 0x0000000707c00000|  0%| F|  |TAMS 0x0000000707b00000, 0x0000000707b00000| Untracked 
|  96|0x0000000707c00000, 0x0000000707c00000, 0x0000000707d00000|  0%| F|  |TAMS 0x0000000707c00000, 0x0000000707c00000| Untracked 
|  97|0x0000000707d00000, 0x0000000707d00000, 0x0000000707e00000|  0%| F|  |TAMS 0x0000000707d00000, 0x0000000707d00000| Untracked 
|  98|0x0000000707e00000, 0x0000000707e00000, 0x0000000707f00000|  0%| F|  |TAMS 0x0000000707e00000, 0x0000000707e00000| Untracked 
|  99|0x0000000707f00000, 0x0000000707f00000, 0x0000000708000000|  0%| F|  |TAMS 0x0000000707f00000, 0x0000000707f00000| Untracked 
| 100|0x0000000708000000, 0x0000000708000000, 0x0000000708100000|  0%| F|  |TAMS 0x0000000708000000, 0x0000000708000000| Untracked 
| 101|0x0000000708100000, 0x0000000708100000, 0x0000000708200000|  0%| F|  |TAMS 0x0000000708100000, 0x0000000708100000| Untracked 
| 102|0x0000000708200000, 0x0000000708200000, 0x0000000708300000|  0%| F|  |TAMS 0x0000000708200000, 0x0000000708200000| Untracked 
| 103|0x0000000708300000, 0x0000000708300000, 0x0000000708400000|  0%| F|  |TAMS 0x0000000708300000, 0x0000000708300000| Untracked 
| 104|0x0000000708400000, 0x0000000708400000, 0x0000000708500000|  0%| F|  |TAMS 0x0000000708400000, 0x0000000708400000| Untracked 
| 105|0x0000000708500000, 0x0000000708500000, 0x0000000708600000|  0%| F|  |TAMS 0x0000000708500000, 0x0000000708500000| Untracked 
| 106|0x0000000708600000, 0x0000000708600000, 0x0000000708700000|  0%| F|  |TAMS 0x0000000708600000, 0x0000000708600000| Untracked 
| 107|0x0000000708700000, 0x0000000708700000, 0x0000000708800000|  0%| F|  |TAMS 0x0000000708700000, 0x0000000708700000| Untracked 
| 108|0x0000000708800000, 0x0000000708800000, 0x0000000708900000|  0%| F|  |TAMS 0x0000000708800000, 0x0000000708800000| Untracked 
| 109|0x0000000708900000, 0x0000000708900000, 0x0000000708a00000|  0%| F|  |TAMS 0x0000000708900000, 0x0000000708900000| Untracked 
| 110|0x0000000708a00000, 0x0000000708a00000, 0x0000000708b00000|  0%| F|  |TAMS 0x0000000708a00000, 0x0000000708a00000| Untracked 
| 111|0x0000000708b00000, 0x0000000708b00000, 0x0000000708c00000|  0%| F|  |TAMS 0x0000000708b00000, 0x0000000708b00000| Untracked 
| 112|0x0000000708c00000, 0x0000000708c00000, 0x0000000708d00000|  0%| F|  |TAMS 0x0000000708c00000, 0x0000000708c00000| Untracked 
| 113|0x0000000708d00000, 0x0000000708d00000, 0x0000000708e00000|  0%| F|  |TAMS 0x0000000708d00000, 0x0000000708d00000| Untracked 
| 114|0x0000000708e00000, 0x0000000708e00000, 0x0000000708f00000|  0%| F|  |TAMS 0x0000000708e00000, 0x0000000708e00000| Untracked 
| 115|0x0000000708f00000, 0x0000000708f00000, 0x0000000709000000|  0%| F|  |TAMS 0x0000000708f00000, 0x0000000708f00000| Untracked 
| 116|0x0000000709000000, 0x0000000709000000, 0x0000000709100000|  0%| F|  |TAMS 0x0000000709000000, 0x0000000709000000| Untracked 
| 117|0x0000000709100000, 0x0000000709100000, 0x0000000709200000|  0%| F|  |TAMS 0x0000000709100000, 0x0000000709100000| Untracked 
| 118|0x0000000709200000, 0x0000000709200000, 0x0000000709300000|  0%| F|  |TAMS 0x0000000709200000, 0x0000000709200000| Untracked 
| 119|0x0000000709300000, 0x0000000709300000, 0x0000000709400000|  0%| F|  |TAMS 0x0000000709300000, 0x0000000709300000| Untracked 
| 120|0x0000000709400000, 0x0000000709400000, 0x0000000709500000|  0%| F|  |TAMS 0x0000000709400000, 0x0000000709400000| Untracked 
| 121|0x0000000709500000, 0x0000000709500000, 0x0000000709600000|  0%| F|  |TAMS 0x0000000709500000, 0x0000000709500000| Untracked 
| 122|0x0000000709600000, 0x0000000709600000, 0x0000000709700000|  0%| F|  |TAMS 0x0000000709600000, 0x0000000709600000| Untracked 
| 123|0x0000000709700000, 0x0000000709700000, 0x0000000709800000|  0%| F|  |TAMS 0x0000000709700000, 0x0000000709700000| Untracked 
| 124|0x0000000709800000, 0x0000000709800000, 0x0000000709900000|  0%| F|  |TAMS 0x0000000709800000, 0x0000000709800000| Untracked 
| 125|0x0000000709900000, 0x0000000709900000, 0x0000000709a00000|  0%| F|  |TAMS 0x0000000709900000, 0x0000000709900000| Untracked 
| 126|0x0000000709a00000, 0x0000000709a00000, 0x0000000709b00000|  0%| F|  |TAMS 0x0000000709a00000, 0x0000000709a00000| Untracked 
| 127|0x0000000709b00000, 0x0000000709b00000, 0x0000000709c00000|  0%| F|  |TAMS 0x0000000709b00000, 0x0000000709b00000| Untracked 
| 128|0x0000000709c00000, 0x0000000709c00000, 0x0000000709d00000|  0%| F|  |TAMS 0x0000000709c00000, 0x0000000709c00000| Untracked 
| 129|0x0000000709d00000, 0x0000000709d00000, 0x0000000709e00000|  0%| F|  |TAMS 0x0000000709d00000, 0x0000000709d00000| Untracked 
| 130|0x0000000709e00000, 0x0000000709e00000, 0x0000000709f00000|  0%| F|  |TAMS 0x0000000709e00000, 0x0000000709e00000| Untracked 
| 131|0x0000000709f00000, 0x0000000709f00000, 0x000000070a000000|  0%| F|  |TAMS 0x0000000709f00000, 0x0000000709f00000| Untracked 
| 132|0x000000070a000000, 0x000000070a000000, 0x000000070a100000|  0%| F|  |TAMS 0x000000070a000000, 0x000000070a000000| Untracked 
| 133|0x000000070a100000, 0x000000070a100000, 0x000000070a200000|  0%| F|  |TAMS 0x000000070a100000, 0x000000070a100000| Untracked 
| 134|0x000000070a200000, 0x000000070a200000, 0x000000070a300000|  0%| F|  |TAMS 0x000000070a200000, 0x000000070a200000| Untracked 
| 135|0x000000070a300000, 0x000000070a300000, 0x000000070a400000|  0%| F|  |TAMS 0x000000070a300000, 0x000000070a300000| Untracked 
| 136|0x000000070a400000, 0x000000070a400000, 0x000000070a500000|  0%| F|  |TAMS 0x000000070a400000, 0x000000070a400000| Untracked 
| 137|0x000000070a500000, 0x000000070a500000, 0x000000070a600000|  0%| F|  |TAMS 0x000000070a500000, 0x000000070a500000| Untracked 
| 138|0x000000070a600000, 0x000000070a600000, 0x000000070a700000|  0%| F|  |TAMS 0x000000070a600000, 0x000000070a600000| Untracked 
| 139|0x000000070a700000, 0x000000070a700000, 0x000000070a800000|  0%| F|  |TAMS 0x000000070a700000, 0x000000070a700000| Untracked 
| 140|0x000000070a800000, 0x000000070a800000, 0x000000070a900000|  0%| F|  |TAMS 0x000000070a800000, 0x000000070a800000| Untracked 
| 141|0x000000070a900000, 0x000000070a900000, 0x000000070aa00000|  0%| F|  |TAMS 0x000000070a900000, 0x000000070a900000| Untracked 
| 142|0x000000070aa00000, 0x000000070aa00000, 0x000000070ab00000|  0%| F|  |TAMS 0x000000070aa00000, 0x000000070aa00000| Untracked 
| 143|0x000000070ab00000, 0x000000070ab00000, 0x000000070ac00000|  0%| F|  |TAMS 0x000000070ab00000, 0x000000070ab00000| Untracked 
| 144|0x000000070ac00000, 0x000000070ac00000, 0x000000070ad00000|  0%| F|  |TAMS 0x000000070ac00000, 0x000000070ac00000| Untracked 
| 145|0x000000070ad00000, 0x000000070ad00000, 0x000000070ae00000|  0%| F|  |TAMS 0x000000070ad00000, 0x000000070ad00000| Untracked 
| 146|0x000000070ae00000, 0x000000070ae00000, 0x000000070af00000|  0%| F|  |TAMS 0x000000070ae00000, 0x000000070ae00000| Untracked 
| 147|0x000000070af00000, 0x000000070af00000, 0x000000070b000000|  0%| F|  |TAMS 0x000000070af00000, 0x000000070af00000| Untracked 
| 148|0x000000070b000000, 0x000000070b000000, 0x000000070b100000|  0%| F|  |TAMS 0x000000070b000000, 0x000000070b000000| Untracked 
| 149|0x000000070b100000, 0x000000070b100000, 0x000000070b200000|  0%| F|  |TAMS 0x000000070b100000, 0x000000070b100000| Untracked 
| 150|0x000000070b200000, 0x000000070b200000, 0x000000070b300000|  0%| F|  |TAMS 0x000000070b200000, 0x000000070b200000| Untracked 
| 151|0x000000070b300000, 0x000000070b300000, 0x000000070b400000|  0%| F|  |TAMS 0x000000070b300000, 0x000000070b300000| Untracked 
| 152|0x000000070b400000, 0x000000070b400000, 0x000000070b500000|  0%| F|  |TAMS 0x000000070b400000, 0x000000070b400000| Untracked 
| 153|0x000000070b500000, 0x000000070b500000, 0x000000070b600000|  0%| F|  |TAMS 0x000000070b500000, 0x000000070b500000| Untracked 
| 154|0x000000070b600000, 0x000000070b600000, 0x000000070b700000|  0%| F|  |TAMS 0x000000070b600000, 0x000000070b600000| Untracked 
| 155|0x000000070b700000, 0x000000070b700000, 0x000000070b800000|  0%| F|  |TAMS 0x000000070b700000, 0x000000070b700000| Untracked 
| 156|0x000000070b800000, 0x000000070b800000, 0x000000070b900000|  0%| F|  |TAMS 0x000000070b800000, 0x000000070b800000| Untracked 
| 157|0x000000070b900000, 0x000000070b900000, 0x000000070ba00000|  0%| F|  |TAMS 0x000000070b900000, 0x000000070b900000| Untracked 
| 158|0x000000070ba00000, 0x000000070ba00000, 0x000000070bb00000|  0%| F|  |TAMS 0x000000070ba00000, 0x000000070ba00000| Untracked 
| 159|0x000000070bb00000, 0x000000070bb00000, 0x000000070bc00000|  0%| F|  |TAMS 0x000000070bb00000, 0x000000070bb00000| Untracked 
| 160|0x000000070bc00000, 0x000000070bc00000, 0x000000070bd00000|  0%| F|  |TAMS 0x000000070bc00000, 0x000000070bc00000| Untracked 
| 161|0x000000070bd00000, 0x000000070bd00000, 0x000000070be00000|  0%| F|  |TAMS 0x000000070bd00000, 0x000000070bd00000| Untracked 
| 162|0x000000070be00000, 0x000000070be00000, 0x000000070bf00000|  0%| F|  |TAMS 0x000000070be00000, 0x000000070be00000| Untracked 
| 163|0x000000070bf00000, 0x000000070bf00000, 0x000000070c000000|  0%| F|  |TAMS 0x000000070bf00000, 0x000000070bf00000| Untracked 
| 164|0x000000070c000000, 0x000000070c000000, 0x000000070c100000|  0%| F|  |TAMS 0x000000070c000000, 0x000000070c000000| Untracked 
| 165|0x000000070c100000, 0x000000070c100000, 0x000000070c200000|  0%| F|  |TAMS 0x000000070c100000, 0x000000070c100000| Untracked 
| 166|0x000000070c200000, 0x000000070c200000, 0x000000070c300000|  0%| F|  |TAMS 0x000000070c200000, 0x000000070c200000| Untracked 
| 167|0x000000070c300000, 0x000000070c300000, 0x000000070c400000|  0%| F|  |TAMS 0x000000070c300000, 0x000000070c300000| Untracked 
| 168|0x000000070c400000, 0x000000070c400000, 0x000000070c500000|  0%| F|  |TAMS 0x000000070c400000, 0x000000070c400000| Untracked 
| 169|0x000000070c500000, 0x000000070c500000, 0x000000070c600000|  0%| F|  |TAMS 0x000000070c500000, 0x000000070c500000| Untracked 
| 170|0x000000070c600000, 0x000000070c600000, 0x000000070c700000|  0%| F|  |TAMS 0x000000070c600000, 0x000000070c600000| Untracked 
| 171|0x000000070c700000, 0x000000070c700000, 0x000000070c800000|  0%| F|  |TAMS 0x000000070c700000, 0x000000070c700000| Untracked 
| 172|0x000000070c800000, 0x000000070c800000, 0x000000070c900000|  0%| F|  |TAMS 0x000000070c800000, 0x000000070c800000| Untracked 
| 173|0x000000070c900000, 0x000000070c900000, 0x000000070ca00000|  0%| F|  |TAMS 0x000000070c900000, 0x000000070c900000| Untracked 
| 174|0x000000070ca00000, 0x000000070ca00000, 0x000000070cb00000|  0%| F|  |TAMS 0x000000070ca00000, 0x000000070ca00000| Untracked 
| 175|0x000000070cb00000, 0x000000070cb00000, 0x000000070cc00000|  0%| F|  |TAMS 0x000000070cb00000, 0x000000070cb00000| Untracked 
| 176|0x000000070cc00000, 0x000000070cc00000, 0x000000070cd00000|  0%| F|  |TAMS 0x000000070cc00000, 0x000000070cc00000| Untracked 
| 177|0x000000070cd00000, 0x000000070cd00000, 0x000000070ce00000|  0%| F|  |TAMS 0x000000070cd00000, 0x000000070cd00000| Untracked 
| 178|0x000000070ce00000, 0x000000070ce00000, 0x000000070cf00000|  0%| F|  |TAMS 0x000000070ce00000, 0x000000070ce00000| Untracked 
| 179|0x000000070cf00000, 0x000000070cf00000, 0x000000070d000000|  0%| F|  |TAMS 0x000000070cf00000, 0x000000070cf00000| Untracked 
| 180|0x000000070d000000, 0x000000070d000000, 0x000000070d100000|  0%| F|  |TAMS 0x000000070d000000, 0x000000070d000000| Untracked 
| 181|0x000000070d100000, 0x000000070d100000, 0x000000070d200000|  0%| F|  |TAMS 0x000000070d100000, 0x000000070d100000| Untracked 
| 182|0x000000070d200000, 0x000000070d200000, 0x000000070d300000|  0%| F|  |TAMS 0x000000070d200000, 0x000000070d200000| Untracked 
| 183|0x000000070d300000, 0x000000070d300000, 0x000000070d400000|  0%| F|  |TAMS 0x000000070d300000, 0x000000070d300000| Untracked 
| 184|0x000000070d400000, 0x000000070d400000, 0x000000070d500000|  0%| F|  |TAMS 0x000000070d400000, 0x000000070d400000| Untracked 
| 185|0x000000070d500000, 0x000000070d500000, 0x000000070d600000|  0%| F|  |TAMS 0x000000070d500000, 0x000000070d500000| Untracked 
| 186|0x000000070d600000, 0x000000070d600000, 0x000000070d700000|  0%| F|  |TAMS 0x000000070d600000, 0x000000070d600000| Untracked 
| 187|0x000000070d700000, 0x000000070d700000, 0x000000070d800000|  0%| F|  |TAMS 0x000000070d700000, 0x000000070d700000| Untracked 
| 188|0x000000070d800000, 0x000000070d800000, 0x000000070d900000|  0%| F|  |TAMS 0x000000070d800000, 0x000000070d800000| Untracked 
| 189|0x000000070d900000, 0x000000070d900000, 0x000000070da00000|  0%| F|  |TAMS 0x000000070d900000, 0x000000070d900000| Untracked 
| 190|0x000000070da00000, 0x000000070da00000, 0x000000070db00000|  0%| F|  |TAMS 0x000000070da00000, 0x000000070da00000| Untracked 
| 191|0x000000070db00000, 0x000000070db00000, 0x000000070dc00000|  0%| F|  |TAMS 0x000000070db00000, 0x000000070db00000| Untracked 
| 192|0x000000070dc00000, 0x000000070dc00000, 0x000000070dd00000|  0%| F|  |TAMS 0x000000070dc00000, 0x000000070dc00000| Untracked 
| 193|0x000000070dd00000, 0x000000070dd00000, 0x000000070de00000|  0%| F|  |TAMS 0x000000070dd00000, 0x000000070dd00000| Untracked 
| 194|0x000000070de00000, 0x000000070de00000, 0x000000070df00000|  0%| F|  |TAMS 0x000000070de00000, 0x000000070de00000| Untracked 
| 195|0x000000070df00000, 0x000000070df00000, 0x000000070e000000|  0%| F|  |TAMS 0x000000070df00000, 0x000000070df00000| Untracked 
| 196|0x000000070e000000, 0x000000070e000000, 0x000000070e100000|  0%| F|  |TAMS 0x000000070e000000, 0x000000070e000000| Untracked 
| 197|0x000000070e100000, 0x000000070e100000, 0x000000070e200000|  0%| F|  |TAMS 0x000000070e100000, 0x000000070e100000| Untracked 
| 198|0x000000070e200000, 0x000000070e200000, 0x000000070e300000|  0%| F|  |TAMS 0x000000070e200000, 0x000000070e200000| Untracked 
| 199|0x000000070e300000, 0x000000070e300000, 0x000000070e400000|  0%| F|  |TAMS 0x000000070e300000, 0x000000070e300000| Untracked 
| 200|0x000000070e400000, 0x000000070e400000, 0x000000070e500000|  0%| F|  |TAMS 0x000000070e400000, 0x000000070e400000| Untracked 
| 201|0x000000070e500000, 0x000000070e500000, 0x000000070e600000|  0%| F|  |TAMS 0x000000070e500000, 0x000000070e500000| Untracked 
| 202|0x000000070e600000, 0x000000070e600000, 0x000000070e700000|  0%| F|  |TAMS 0x000000070e600000, 0x000000070e600000| Untracked 
| 203|0x000000070e700000, 0x000000070e700000, 0x000000070e800000|  0%| F|  |TAMS 0x000000070e700000, 0x000000070e700000| Untracked 
| 204|0x000000070e800000, 0x000000070e800000, 0x000000070e900000|  0%| F|  |TAMS 0x000000070e800000, 0x000000070e800000| Untracked 
| 205|0x000000070e900000, 0x000000070e900000, 0x000000070ea00000|  0%| F|  |TAMS 0x000000070e900000, 0x000000070e900000| Untracked 
| 206|0x000000070ea00000, 0x000000070ea00000, 0x000000070eb00000|  0%| F|  |TAMS 0x000000070ea00000, 0x000000070ea00000| Untracked 
| 207|0x000000070eb00000, 0x000000070eb00000, 0x000000070ec00000|  0%| F|  |TAMS 0x000000070eb00000, 0x000000070eb00000| Untracked 
| 208|0x000000070ec00000, 0x000000070ec00000, 0x000000070ed00000|  0%| F|  |TAMS 0x000000070ec00000, 0x000000070ec00000| Untracked 
| 209|0x000000070ed00000, 0x000000070ed00000, 0x000000070ee00000|  0%| F|  |TAMS 0x000000070ed00000, 0x000000070ed00000| Untracked 
| 210|0x000000070ee00000, 0x000000070ee00000, 0x000000070ef00000|  0%| F|  |TAMS 0x000000070ee00000, 0x000000070ee00000| Untracked 
| 211|0x000000070ef00000, 0x000000070ef00000, 0x000000070f000000|  0%| F|  |TAMS 0x000000070ef00000, 0x000000070ef00000| Untracked 
| 212|0x000000070f000000, 0x000000070f000000, 0x000000070f100000|  0%| F|  |TAMS 0x000000070f000000, 0x000000070f000000| Untracked 
| 213|0x000000070f100000, 0x000000070f100000, 0x000000070f200000|  0%| F|  |TAMS 0x000000070f100000, 0x000000070f100000| Untracked 
| 214|0x000000070f200000, 0x000000070f200000, 0x000000070f300000|  0%| F|  |TAMS 0x000000070f200000, 0x000000070f200000| Untracked 
| 215|0x000000070f300000, 0x000000070f300000, 0x000000070f400000|  0%| F|  |TAMS 0x000000070f300000, 0x000000070f300000| Untracked 
| 216|0x000000070f400000, 0x000000070f400000, 0x000000070f500000|  0%| F|  |TAMS 0x000000070f400000, 0x000000070f400000| Untracked 
| 217|0x000000070f500000, 0x000000070f500000, 0x000000070f600000|  0%| F|  |TAMS 0x000000070f500000, 0x000000070f500000| Untracked 
| 218|0x000000070f600000, 0x000000070f600000, 0x000000070f700000|  0%| F|  |TAMS 0x000000070f600000, 0x000000070f600000| Untracked 
| 219|0x000000070f700000, 0x000000070f700000, 0x000000070f800000|  0%| F|  |TAMS 0x000000070f700000, 0x000000070f700000| Untracked 
| 220|0x000000070f800000, 0x000000070f800000, 0x000000070f900000|  0%| F|  |TAMS 0x000000070f800000, 0x000000070f800000| Untracked 
| 221|0x000000070f900000, 0x000000070f900000, 0x000000070fa00000|  0%| F|  |TAMS 0x000000070f900000, 0x000000070f900000| Untracked 
| 222|0x000000070fa00000, 0x000000070fa00000, 0x000000070fb00000|  0%| F|  |TAMS 0x000000070fa00000, 0x000000070fa00000| Untracked 
| 223|0x000000070fb00000, 0x000000070fb00000, 0x000000070fc00000|  0%| F|  |TAMS 0x000000070fb00000, 0x000000070fb00000| Untracked 
| 224|0x000000070fc00000, 0x000000070fc00000, 0x000000070fd00000|  0%| F|  |TAMS 0x000000070fc00000, 0x000000070fc00000| Untracked 
| 225|0x000000070fd00000, 0x000000070fd00000, 0x000000070fe00000|  0%| F|  |TAMS 0x000000070fd00000, 0x000000070fd00000| Untracked 
| 226|0x000000070fe00000, 0x000000070fe00000, 0x000000070ff00000|  0%| F|  |TAMS 0x000000070fe00000, 0x000000070fe00000| Untracked 
| 227|0x000000070ff00000, 0x000000070ff00000, 0x0000000710000000|  0%| F|  |TAMS 0x000000070ff00000, 0x000000070ff00000| Untracked 
| 228|0x0000000710000000, 0x0000000710000000, 0x0000000710100000|  0%| F|  |TAMS 0x0000000710000000, 0x0000000710000000| Untracked 
| 229|0x0000000710100000, 0x0000000710100000, 0x0000000710200000|  0%| F|  |TAMS 0x0000000710100000, 0x0000000710100000| Untracked 
| 230|0x0000000710200000, 0x0000000710200000, 0x0000000710300000|  0%| F|  |TAMS 0x0000000710200000, 0x0000000710200000| Untracked 
| 231|0x0000000710300000, 0x0000000710300000, 0x0000000710400000|  0%| F|  |TAMS 0x0000000710300000, 0x0000000710300000| Untracked 
| 232|0x0000000710400000, 0x0000000710400000, 0x0000000710500000|  0%| F|  |TAMS 0x0000000710400000, 0x0000000710400000| Untracked 
| 233|0x0000000710500000, 0x0000000710500000, 0x0000000710600000|  0%| F|  |TAMS 0x0000000710500000, 0x0000000710500000| Untracked 
| 234|0x0000000710600000, 0x0000000710600000, 0x0000000710700000|  0%| F|  |TAMS 0x0000000710600000, 0x0000000710600000| Untracked 
| 235|0x0000000710700000, 0x0000000710700000, 0x0000000710800000|  0%| F|  |TAMS 0x0000000710700000, 0x0000000710700000| Untracked 
| 236|0x0000000710800000, 0x000000071087b630, 0x0000000710900000| 48%| E|  |TAMS 0x0000000710800000, 0x0000000710800000| Complete 
| 237|0x0000000710900000, 0x0000000710a00000, 0x0000000710a00000|100%| E|CS|TAMS 0x0000000710900000, 0x0000000710900000| Complete 
| 238|0x0000000710a00000, 0x0000000710b00000, 0x0000000710b00000|100%| E|CS|TAMS 0x0000000710a00000, 0x0000000710a00000| Complete 
| 239|0x0000000710b00000, 0x0000000710c00000, 0x0000000710c00000|100%| E|CS|TAMS 0x0000000710b00000, 0x0000000710b00000| Complete 
| 240|0x0000000710c00000, 0x0000000710d00000, 0x0000000710d00000|100%| E|  |TAMS 0x0000000710c00000, 0x0000000710c00000| Complete 
| 241|0x0000000710d00000, 0x0000000710e00000, 0x0000000710e00000|100%| E|CS|TAMS 0x0000000710d00000, 0x0000000710d00000| Complete 
| 242|0x0000000710e00000, 0x0000000710f00000, 0x0000000710f00000|100%| E|CS|TAMS 0x0000000710e00000, 0x0000000710e00000| Complete 
| 243|0x0000000710f00000, 0x0000000711000000, 0x0000000711000000|100%| E|CS|TAMS 0x0000000710f00000, 0x0000000710f00000| Complete 
| 244|0x0000000711000000, 0x0000000711100000, 0x0000000711100000|100%| E|CS|TAMS 0x0000000711000000, 0x0000000711000000| Complete 
| 245|0x0000000711100000, 0x0000000711200000, 0x0000000711200000|100%| E|CS|TAMS 0x0000000711100000, 0x0000000711100000| Complete 
| 246|0x0000000711200000, 0x0000000711300000, 0x0000000711300000|100%| E|CS|TAMS 0x0000000711200000, 0x0000000711200000| Complete 
| 247|0x0000000711300000, 0x0000000711400000, 0x0000000711400000|100%| E|CS|TAMS 0x0000000711300000, 0x0000000711300000| Complete 
| 248|0x0000000711400000, 0x0000000711500000, 0x0000000711500000|100%| E|CS|TAMS 0x0000000711400000, 0x0000000711400000| Complete 
| 249|0x0000000711500000, 0x0000000711600000, 0x0000000711600000|100%| E|CS|TAMS 0x0000000711500000, 0x0000000711500000| Complete 
| 250|0x0000000711600000, 0x0000000711700000, 0x0000000711700000|100%| E|CS|TAMS 0x0000000711600000, 0x0000000711600000| Complete 
| 251|0x0000000711700000, 0x0000000711800000, 0x0000000711800000|100%| E|CS|TAMS 0x0000000711700000, 0x0000000711700000| Complete 
| 252|0x0000000711800000, 0x0000000711900000, 0x0000000711900000|100%| E|CS|TAMS 0x0000000711800000, 0x0000000711800000| Complete 
| 253|0x0000000711900000, 0x0000000711a00000, 0x0000000711a00000|100%| E|CS|TAMS 0x0000000711900000, 0x0000000711900000| Complete 
| 254|0x0000000711a00000, 0x0000000711b00000, 0x0000000711b00000|100%| E|CS|TAMS 0x0000000711a00000, 0x0000000711a00000| Complete 
| 255|0x0000000711b00000, 0x0000000711c00000, 0x0000000711c00000|100%| E|CS|TAMS 0x0000000711b00000, 0x0000000711b00000| Complete 

Card table byte_map: [0x00000286fcd20000,0x00000286fd520000] _byte_map_base: 0x00000286f9512000

Marking Bits (Prev, Next): (CMBitMap*) 0x00000286fc07c148, (CMBitMap*) 0x00000286fc07c188
 Prev Bits: [0x0000028697430000, 0x000002869b3c0000)
 Next Bits: [0x000002869b3c0000, 0x000002869f350000)

Polling page: 0x00000286fa020000

Metaspace:

Usage:
  Non-class:      7.72 MB capacity,     7.57 MB ( 98%) used,   134.24 KB (  2%) free+waste,    19.81 KB ( <1%) overhead. 
      Class:      1.03 MB capacity,   976.95 KB ( 92%) used,    71.30 KB (  7%) free+waste,    10.75 KB (  1%) overhead. 
       Both:      8.75 MB capacity,     8.52 MB ( 97%) used,   205.54 KB (  2%) free+waste,    30.56 KB ( <1%) overhead. 

Virtual space:
  Non-class space:        8.00 MB reserved,       7.75 MB ( 97%) committed 
      Class space:        1.00 GB reserved,       1.13 MB ( <1%) committed 
             Both:        1.01 GB reserved,       8.88 MB ( <1%) committed 

Chunk freelists:
   Non-Class:  32.00 KB
       Class:  0 bytes
        Both:  32.00 KB

MaxMetaspaceSize: 17179869184.00 GB
CompressedClassSpaceSize: 1.00 GB

CodeHeap 'non-profiled nmethods': size=120000Kb used=358Kb max_used=358Kb free=119641Kb
 bounds [0x000002868ff00000, 0x0000028690170000, 0x0000028697430000]
CodeHeap 'profiled nmethods': size=120000Kb used=1996Kb max_used=1996Kb free=118004Kb
 bounds [0x00000286889d0000, 0x0000028688c40000, 0x000002868ff00000]
CodeHeap 'non-nmethods': size=5760Kb used=1306Kb max_used=1318Kb free=4453Kb
 bounds [0x0000028688430000, 0x00000286886a0000, 0x00000286889d0000]
 total_blobs=2146 nmethods=1041 adapters=502
 compilation: enabled
              stopped_count=0, restarted_count=0
 full_count=0

Compilation events (20 events):
Event: 0.754 Thread 0x00000286a057c000 1031       3       java.lang.reflect.Modifier::isPrivate (12 bytes)
Event: 0.754 Thread 0x00000286a057c000 nmethod 1031 0x0000028688bbf410 code [0x0000028688bbf5c0, 0x0000028688bbf758]
Event: 0.754 Thread 0x00000286a057c000 1032       3       java.lang.invoke.InvokerBytecodeGenerator::loadInsnOpcode (87 bytes)
Event: 0.754 Thread 0x00000286a057b000 1035       4       java.lang.invoke.MemberName::getReferenceKind (12 bytes)
Event: 0.754 Thread 0x00000286a057b000 nmethod 1035 0x000002868ff58f90 code [0x000002868ff59120, 0x000002868ff59198]
Event: 0.754 Thread 0x00000286a057c000 nmethod 1032 0x0000028688bbf810 code [0x0000028688bbfaa0, 0x0000028688bc06c0]
Event: 0.755 Thread 0x00000286a057c000 1036       3       java.util.ArrayList$Itr::next (66 bytes)
Event: 0.755 Thread 0x00000286a057c000 nmethod 1036 0x0000028688bc0a90 code [0x0000028688bc0c80, 0x0000028688bc11f0]
Event: 0.755 Thread 0x00000286a057c000 1037       3       java.util.ArrayList$Itr::checkForComodification (23 bytes)
Event: 0.755 Thread 0x00000286a057c000 nmethod 1037 0x0000028688bc1410 code [0x0000028688bc15c0, 0x0000028688bc1870]
Event: 0.755 Thread 0x00000286a057c000 1040       3       java.lang.invoke.MethodTypeForm::unpack (30 bytes)
Event: 0.755 Thread 0x00000286a057c000 nmethod 1040 0x0000028688bc1990 code [0x0000028688bc1b20, 0x0000028688bc1c98]
Event: 0.755 Thread 0x00000286a057c000 1033       3       java.lang.StringBuilder::append (8 bytes)
Event: 0.755 Thread 0x00000286a057c000 nmethod 1033 0x0000028688bc1d10 code [0x0000028688bc1ec0, 0x0000028688bc2090]
Event: 0.755 Thread 0x00000286a057c000 1034       3       java.lang.AbstractStringBuilder::append (55 bytes)
Event: 0.755 Thread 0x00000286a057c000 nmethod 1034 0x0000028688bc2110 code [0x0000028688bc2300, 0x0000028688bc26c0]
Event: 0.755 Thread 0x00000286a057c000 1038       3       jdk.internal.org.objectweb.asm.Frame::pop (44 bytes)
Event: 0.756 Thread 0x00000286a057c000 nmethod 1038 0x0000028688bc2810 code [0x0000028688bc29c0, 0x0000028688bc2bb8]
Event: 0.756 Thread 0x00000286a057c000 1039       3       java.lang.invoke.LambdaFormBuffer::ownedCount (7 bytes)
Event: 0.756 Thread 0x00000286a057c000 nmethod 1039 0x0000028688bc2c90 code [0x0000028688bc2e20, 0x0000028688bc2f98]

GC Heap History (0 events):
No events

Deoptimization events (20 events):
Event: 0.625 Thread 0x00000286a1294000 Uncommon trap: trap_request=0xffffff45 fr.pc=0x000002868ff30584 relative=0x0000000000000164
Event: 0.625 Thread 0x00000286a1294000 Uncommon trap: reason=unstable_if action=reinterpret pc=0x000002868ff30584 method=java.lang.StringCoding.hasNegatives([BII)Z @ 12 c2
Event: 0.625 Thread 0x00000286a1294000 DEOPT PACKING pc=0x000002868ff30584 sp=0x000000889e4fc160
Event: 0.625 Thread 0x00000286a1294000 DEOPT UNPACKING pc=0x000002868847912f sp=0x000000889e4fc108 mode 2
Event: 0.625 Thread 0x00000286a1294000 Uncommon trap: trap_request=0xffffff45 fr.pc=0x000002868ff365c8 relative=0x00000000000002a8
Event: 0.625 Thread 0x00000286a1294000 Uncommon trap: reason=unstable_if action=reinterpret pc=0x000002868ff365c8 method=java.lang.StringUTF16.compress([CI[BII)I @ 20 c2
Event: 0.625 Thread 0x00000286a1294000 DEOPT PACKING pc=0x000002868ff365c8 sp=0x000000889e4fc070
Event: 0.625 Thread 0x00000286a1294000 DEOPT UNPACKING pc=0x000002868847912f sp=0x000000889e4fbff0 mode 2
Event: 0.625 Thread 0x00000286a1294000 Uncommon trap: trap_request=0xffffff45 fr.pc=0x000002868ff456e8 relative=0x00000000000004a8
Event: 0.625 Thread 0x00000286a1294000 Uncommon trap: reason=unstable_if action=reinterpret pc=0x000002868ff456e8 method=java.lang.AbstractStringBuilder.putStringAt(ILjava/lang/String;)V @ 8 c2
Event: 0.625 Thread 0x00000286a1294000 DEOPT PACKING pc=0x000002868ff456e8 sp=0x000000889e4fc320
Event: 0.625 Thread 0x00000286a1294000 DEOPT UNPACKING pc=0x000002868847912f sp=0x000000889e4fc228 mode 2
Event: 0.625 Thread 0x00000286a1294000 Uncommon trap: trap_request=0xffffff45 fr.pc=0x000002868ff4714c relative=0x000000000000048c
Event: 0.625 Thread 0x00000286a1294000 Uncommon trap: reason=unstable_if action=reinterpret pc=0x000002868ff4714c method=java.lang.AbstractStringBuilder.putStringAt(ILjava/lang/String;)V @ 8 c2
Event: 0.625 Thread 0x00000286a1294000 DEOPT PACKING pc=0x000002868ff4714c sp=0x000000889e4fc2b0
Event: 0.625 Thread 0x00000286a1294000 DEOPT UNPACKING pc=0x000002868847912f sp=0x000000889e4fc220 mode 2
Event: 0.625 Thread 0x00000286a1294000 Uncommon trap: trap_request=0xffffff45 fr.pc=0x000002868ff35c84 relative=0x00000000000000e4
Event: 0.625 Thread 0x00000286a1294000 Uncommon trap: reason=unstable_if action=reinterpret pc=0x000002868ff35c84 method=java.lang.String.getBytes([BIB)V @ 5 c2
Event: 0.625 Thread 0x00000286a1294000 DEOPT PACKING pc=0x000002868ff35c84 sp=0x000000889e4fc1d0
Event: 0.625 Thread 0x00000286a1294000 DEOPT UNPACKING pc=0x000002868847912f sp=0x000000889e4fc198 mode 2

Classes unloaded (0 events):
No events

Classes redefined (0 events):
No events

Internal exceptions (11 events):
Event: 0.454 Thread 0x00000286a06fb800 Exception <a 'java/lang/NoSuchMethodError'{0x00000007110a9870}: 'int java.lang.invoke.DirectMethodHandle$Holder.invokeStaticInit(java.lang.Object, java.lang.Object, java.lang.Object)'> (0x00000007110a9870) 
thrown [t:/workspace/open/src/hotspot/share/interpreter/linkResolver.cpp, line 767]
Event: 0.456 Thread 0x00000286a06fb800 Exception <a 'java/lang/NoSuchMethodError'{0x00000007110b46b8}: 'void java.lang.invoke.DirectMethodHandle$Holder.invokeSpecial(java.lang.Object, java.lang.Object)'> (0x00000007110b46b8) 
thrown [t:/workspace/open/src/hotspot/share/interpreter/linkResolver.cpp, line 767]
Event: 0.477 Thread 0x00000286a06fb800 Exception <a 'java/lang/NoSuchMethodError'{0x0000000710fe12e0}: 'java.lang.Object java.lang.invoke.DirectMethodHandle$Holder.invokeStatic(java.lang.Object, java.lang.Object, int, java.lang.Object)'> (0x0000000710fe12e0) 
thrown [t:/workspace/open/src/hotspot/share/interpreter/linkResolver.cpp, line 767]
Event: 0.477 Thread 0x00000286a06fb800 Exception <a 'java/lang/NoSuchMethodError'{0x0000000710fe7300}: 'java.lang.Object java.lang.invoke.Invokers$Holder.linkToTargetMethod(java.lang.Object, int, java.lang.Object, java.lang.Object)'> (0x0000000710fe7300) 
thrown [t:/workspace/open/src/hotspot/share/interpreter/linkResolver.cpp, line 767]
Event: 0.525 Thread 0x00000286a1294000 Exception <a 'java/lang/NoSuchMethodError'{0x0000000710c06168}: 'void java.lang.invoke.DirectMethodHandle$Holder.invokeStaticInit(java.lang.Object)'> (0x0000000710c06168) 
thrown [t:/workspace/open/src/hotspot/share/interpreter/linkResolver.cpp, line 767]
Event: 0.613 Thread 0x00000286a1294000 Exception <a 'java/lang/ClassNotFoundException'{0x0000000710aafdd0}: sun/awt/resources/spi/awtProvider> (0x0000000710aafdd0) 
thrown [t:/workspace/open/src/hotspot/share/classfile/systemDictionary.cpp, line 232]
Event: 0.625 Thread 0x00000286a1294000 Exception <a 'java/io/FileNotFoundException'{0x0000000710ac1cb8}> (0x0000000710ac1cb8) 
thrown [t:/workspace/open/src/hotspot/share/prims/jni.cpp, line 598]
Event: 0.625 Thread 0x00000286a1294000 Exception <a 'java/io/FileNotFoundException'{0x0000000710ac3888}> (0x0000000710ac3888) 
thrown [t:/workspace/open/src/hotspot/share/prims/jni.cpp, line 598]
Event: 0.739 Thread 0x00000286a1294000 Exception <a 'java/io/FileNotFoundException'{0x000000071093f130}> (0x000000071093f130) 
thrown [t:/workspace/open/src/hotspot/share/prims/jni.cpp, line 598]
Event: 0.739 Thread 0x00000286a1294000 Exception <a 'java/lang/NullPointerException'{0x000000071093fa20}> (0x000000071093fa20) 
thrown [t:/workspace/open/src/hotspot/share/interpreter/linkResolver.cpp, line 1349]
Event: 0.755 Thread 0x00000286a1294000 Exception <a 'java/lang/NoSuchMethodError'{0x0000000710810310}: 'java.lang.Object java.lang.invoke.Invokers$Holder.linkToTargetMethod(java.lang.Object, int, java.lang.Object)'> (0x0000000710810310) 
thrown [t:/workspace/open/src/hotspot/share/interpreter/linkResolver.cpp, line 767]

Events (20 events):
Event: 0.751 loading class sun/awt/AWTCharset done
Event: 0.751 loading class sun/awt/windows/WDefaultFontCharset done
Event: 0.751 loading class sun/awt/windows/WDefaultFontCharset$Encoder
Event: 0.751 loading class sun/awt/AWTCharset$Encoder
Event: 0.752 loading class sun/awt/AWTCharset$Encoder done
Event: 0.752 loading class sun/awt/windows/WDefaultFontCharset$Encoder done
Event: 0.752 loading class java/io/ByteArrayOutputStream
Event: 0.752 loading class java/io/ByteArrayOutputStream done
Event: 0.752 loading class sun/awt/windows/WingDings
Event: 0.752 loading class sun/awt/windows/WingDings done
Event: 0.752 loading class sun/awt/windows/WingDings$Encoder
Event: 0.753 loading class sun/awt/windows/WingDings$Encoder done
Event: 0.753 loading class sun/awt/Symbol
Event: 0.753 loading class sun/awt/Symbol done
Event: 0.753 loading class sun/awt/Symbol$Encoder
Event: 0.753 loading class sun/awt/Symbol$Encoder done
Event: 0.753 Executing VM operation: RevokeBias
Event: 0.753 Executing VM operation: RevokeBias done
Event: 0.755 Executing VM operation: RevokeBias
Event: 0.755 Executing VM operation: RevokeBias done


Dynamic libraries:
0x00007ff64fbb0000 - 0x00007ff64fbbf000 	C:\Program Files\Java\jdk-13.0.1\bin\java.exe
0x00007ffaffda0000 - 0x00007ffafff90000 	C:\windows\SYSTEM32\ntdll.dll
0x00007ffafea40000 - 0x00007ffafeaf2000 	C:\windows\System32\KERNEL32.DLL
0x00007ffafced0000 - 0x00007ffafd173000 	C:\windows\System32\KERNELBASE.dll
0x00007ffafd230000 - 0x00007ffafd32a000 	C:\windows\System32\ucrtbase.dll
0x00007ffae4150000 - 0x00007ffae4165000 	C:\Program Files\Java\jdk-13.0.1\bin\VCRUNTIME140.dll
0x00007ffae41e0000 - 0x00007ffae41f8000 	C:\Program Files\Java\jdk-13.0.1\bin\jli.dll
0x00007ffafed50000 - 0x00007ffafedf3000 	C:\windows\System32\ADVAPI32.dll
0x00007ffafeee0000 - 0x00007ffafef7e000 	C:\windows\System32\msvcrt.dll
0x00007ffafeb60000 - 0x00007ffafebf7000 	C:\windows\System32\sechost.dll
0x00007ffaff760000 - 0x00007ffaff880000 	C:\windows\System32\RPCRT4.dll
0x00007ffafe280000 - 0x00007ffafe414000 	C:\windows\System32\USER32.dll
0x00007ffafd180000 - 0x00007ffafd1a1000 	C:\windows\System32\win32u.dll
0x00007ffade1f0000 - 0x00007ffade475000 	C:\windows\WinSxS\amd64_microsoft.windows.common-controls_6595b64144ccf1df_6.0.18362.418_none_e6c6b287130d565d\COMCTL32.dll
0x00007ffafe1a0000 - 0x00007ffafe1c6000 	C:\windows\System32\GDI32.dll
0x00007ffaffa20000 - 0x00007ffaffd56000 	C:\windows\System32\combase.dll
0x00007ffafd330000 - 0x00007ffafd4c4000 	C:\windows\System32\gdi32full.dll
0x00007ffafd1b0000 - 0x00007ffafd230000 	C:\windows\System32\bcryptPrimitives.dll
0x00007ffafdd80000 - 0x00007ffafde1e000 	C:\windows\System32\msvcp_win.dll
0x00007ffaf2800000 - 0x00007ffaf280a000 	C:\windows\SYSTEM32\VERSION.dll
0x00007ffafe170000 - 0x00007ffafe19e000 	C:\windows\System32\IMM32.DLL
0x00007ffaac980000 - 0x00007ffaaca1b000 	C:\Program Files\Java\jdk-13.0.1\bin\msvcp140.dll
0x00007ffa93d30000 - 0x00007ffa94896000 	C:\Program Files\Java\jdk-13.0.1\bin\server\jvm.dll
0x00007ffafdfb0000 - 0x00007ffafdfb8000 	C:\windows\System32\PSAPI.DLL
0x00007ffade1c0000 - 0x00007ffade1c9000 	C:\windows\SYSTEM32\WSOCK32.dll
0x00007ffaf5d90000 - 0x00007ffaf5db4000 	C:\windows\SYSTEM32\WINMM.dll
0x00007ffafe9d0000 - 0x00007ffafea3f000 	C:\windows\System32\WS2_32.dll
0x00007ffaf5c00000 - 0x00007ffaf5c2d000 	C:\windows\SYSTEM32\winmmbase.dll
0x00007ffafcd30000 - 0x00007ffafcd7a000 	C:\windows\System32\cfgmgr32.dll
0x00007ffafccf0000 - 0x00007ffafcd01000 	C:\windows\System32\kernel.appcore.dll
0x00007ffae40d0000 - 0x00007ffae40e0000 	C:\Program Files\Java\jdk-13.0.1\bin\verify.dll
0x00007ffaf3ab0000 - 0x00007ffaf3ca4000 	C:\windows\SYSTEM32\DBGHELP.DLL
0x00007ffade0b0000 - 0x00007ffade0da000 	C:\windows\SYSTEM32\dbgcore.DLL
0x00007ffae40a0000 - 0x00007ffae40c6000 	C:\Program Files\Java\jdk-13.0.1\bin\java.dll
0x00007ffae3880000 - 0x00007ffae388e000 	C:\Program Files\Java\jdk-13.0.1\bin\instrument.dll
0x00007ffae4080000 - 0x00007ffae4097000 	C:\Program Files\Java\jdk-13.0.1\bin\zip.dll
0x00007ffae39e0000 - 0x00007ffae39ea000 	C:\Program Files\Java\jdk-13.0.1\bin\jimage.dll
0x00007ffaff070000 - 0x00007ffaff755000 	C:\windows\System32\SHELL32.dll
0x00007ffafe480000 - 0x00007ffafe529000 	C:\windows\System32\shcore.dll
0x00007ffafd580000 - 0x00007ffafdcff000 	C:\windows\System32\windows.storage.dll
0x00007ffafcd10000 - 0x00007ffafcd2f000 	C:\windows\System32\profapi.dll
0x00007ffafcc80000 - 0x00007ffafccca000 	C:\windows\System32\powrprof.dll
0x00007ffafcc70000 - 0x00007ffafcc80000 	C:\windows\System32\UMPDC.dll
0x00007ffaff9c0000 - 0x00007ffaffa12000 	C:\windows\System32\shlwapi.dll
0x00007ffafdd00000 - 0x00007ffafdd17000 	C:\windows\System32\cryptsp.dll
0x00007ffae39c0000 - 0x00007ffae39d9000 	C:\Program Files\Java\jdk-13.0.1\bin\net.dll
0x00007ffae80c0000 - 0x00007ffae81b0000 	C:\windows\SYSTEM32\WINHTTP.dll
0x00007ffafc4e0000 - 0x00007ffafc547000 	C:\windows\system32\mswsock.dll
0x00007ffae38b0000 - 0x00007ffae38c3000 	C:\Program Files\Java\jdk-13.0.1\bin\nio.dll
0x00007ffae3850000 - 0x00007ffae386a000 	C:\Program Files\JetBrains\IntelliJ IDEA Community Edition 2019.2.4\bin\breakgen64.dll
0x00000286fbfc0000 - 0x00000286fbfc3000 	C:\Users\kabocchi\.openjfx\cache\13\api-ms-win-core-console-l1-1-0.dll
0x00000286fbfd0000 - 0x00000286fbfd3000 	C:\Users\kabocchi\.openjfx\cache\13\api-ms-win-core-datetime-l1-1-0.dll
0x00000286fff40000 - 0x00000286fff43000 	C:\Users\kabocchi\.openjfx\cache\13\api-ms-win-core-debug-l1-1-0.dll
0x00000286fff50000 - 0x00000286fff53000 	C:\Users\kabocchi\.openjfx\cache\13\api-ms-win-core-errorhandling-l1-1-0.dll
0x00000286fff60000 - 0x00000286fff64000 	C:\Users\kabocchi\.openjfx\cache\13\api-ms-win-core-file-l1-1-0.dll
0x00000286fff70000 - 0x00000286fff73000 	C:\Users\kabocchi\.openjfx\cache\13\api-ms-win-core-file-l1-2-0.dll
0x00000286fff80000 - 0x00000286fff83000 	C:\Users\kabocchi\.openjfx\cache\13\api-ms-win-core-file-l2-1-0.dll
0x00000286fff90000 - 0x00000286fff93000 	C:\Users\kabocchi\.openjfx\cache\13\api-ms-win-core-handle-l1-1-0.dll
0x00000286fffa0000 - 0x00000286fffa3000 	C:\Users\kabocchi\.openjfx\cache\13\api-ms-win-core-heap-l1-1-0.dll
0x00000286fffb0000 - 0x00000286fffb3000 	C:\Users\kabocchi\.openjfx\cache\13\api-ms-win-core-interlocked-l1-1-0.dll
0x00000286fffc0000 - 0x00000286fffc3000 	C:\Users\kabocchi\.openjfx\cache\13\api-ms-win-core-libraryloader-l1-1-0.dll
0x00000286fffd0000 - 0x00000286fffd3000 	C:\Users\kabocchi\.openjfx\cache\13\api-ms-win-core-localization-l1-2-0.dll
0x00000286fffe0000 - 0x00000286fffe3000 	C:\Users\kabocchi\.openjfx\cache\13\api-ms-win-core-memory-l1-1-0.dll
0x00000286ffff0000 - 0x00000286ffff3000 	C:\Users\kabocchi\.openjfx\cache\13\api-ms-win-core-namedpipe-l1-1-0.dll
0x00000286a10c0000 - 0x00000286a10c3000 	C:\Users\kabocchi\.openjfx\cache\13\api-ms-win-core-processenvironment-l1-1-0.dll
0x00000286a10d0000 - 0x00000286a10d3000 	C:\Users\kabocchi\.openjfx\cache\13\api-ms-win-core-processthreads-l1-1-0.dll
0x00000286a10e0000 - 0x00000286a10e3000 	C:\Users\kabocchi\.openjfx\cache\13\api-ms-win-core-processthreads-l1-1-1.dll
0x00000286a10f0000 - 0x00000286a10f3000 	C:\Users\kabocchi\.openjfx\cache\13\api-ms-win-core-profile-l1-1-0.dll
0x00000286a1100000 - 0x00000286a1103000 	C:\Users\kabocchi\.openjfx\cache\13\api-ms-win-core-rtlsupport-l1-1-0.dll
0x00000286a1110000 - 0x00000286a1113000 	C:\Users\kabocchi\.openjfx\cache\13\api-ms-win-core-string-l1-1-0.dll
0x00000286a1120000 - 0x00000286a1123000 	C:\Users\kabocchi\.openjfx\cache\13\api-ms-win-core-synch-l1-1-0.dll
0x00000286a1130000 - 0x00000286a1133000 	C:\Users\kabocchi\.openjfx\cache\13\api-ms-win-core-synch-l1-2-0.dll
0x00000286a1140000 - 0x00000286a1143000 	C:\Users\kabocchi\.openjfx\cache\13\api-ms-win-core-sysinfo-l1-1-0.dll
0x00000286a1150000 - 0x00000286a1153000 	C:\Users\kabocchi\.openjfx\cache\13\api-ms-win-core-timezone-l1-1-0.dll
0x00000286a1160000 - 0x00000286a1163000 	C:\Users\kabocchi\.openjfx\cache\13\api-ms-win-core-util-l1-1-0.dll
0x00000286a1170000 - 0x00000286a1173000 	C:\Users\kabocchi\.openjfx\cache\13\api-ms-win-crt-conio-l1-1-0.dll
0x00000286a1180000 - 0x00000286a1184000 	C:\Users\kabocchi\.openjfx\cache\13\api-ms-win-crt-convert-l1-1-0.dll
0x00000286a1190000 - 0x00000286a1193000 	C:\Users\kabocchi\.openjfx\cache\13\api-ms-win-crt-environment-l1-1-0.dll
0x00000286a11a0000 - 0x00000286a11a3000 	C:\Users\kabocchi\.openjfx\cache\13\api-ms-win-crt-filesystem-l1-1-0.dll
0x00000286a11b0000 - 0x00000286a11b3000 	C:\Users\kabocchi\.openjfx\cache\13\api-ms-win-crt-heap-l1-1-0.dll
0x00000286a11c0000 - 0x00000286a11c3000 	C:\Users\kabocchi\.openjfx\cache\13\api-ms-win-crt-locale-l1-1-0.dll
0x00000286a11d0000 - 0x00000286a11d5000 	C:\Users\kabocchi\.openjfx\cache\13\api-ms-win-crt-math-l1-1-0.dll
0x00000286a11e0000 - 0x00000286a11e5000 	C:\Users\kabocchi\.openjfx\cache\13\api-ms-win-crt-multibyte-l1-1-0.dll
0x00000286a11f0000 - 0x00000286a1200000 	C:\Users\kabocchi\.openjfx\cache\13\api-ms-win-crt-private-l1-1-0.dll
0x00000286a1200000 - 0x00000286a1203000 	C:\Users\kabocchi\.openjfx\cache\13\api-ms-win-crt-process-l1-1-0.dll
0x00000286a1210000 - 0x00000286a1214000 	C:\Users\kabocchi\.openjfx\cache\13\api-ms-win-crt-runtime-l1-1-0.dll
0x00000286a1220000 - 0x00000286a1224000 	C:\Users\kabocchi\.openjfx\cache\13\api-ms-win-crt-stdio-l1-1-0.dll
0x00000286a1230000 - 0x00000286a1234000 	C:\Users\kabocchi\.openjfx\cache\13\api-ms-win-crt-string-l1-1-0.dll
0x00000286a1240000 - 0x00000286a1243000 	C:\Users\kabocchi\.openjfx\cache\13\api-ms-win-crt-time-l1-1-0.dll
0x00000286a2220000 - 0x00000286a2223000 	C:\Users\kabocchi\.openjfx\cache\13\api-ms-win-crt-utility-l1-1-0.dll
0x00007ffaa5870000 - 0x00007ffaa596c000 	C:\Users\kabocchi\.openjfx\cache\13\ucrtbase.dll
0x00007ffae3310000 - 0x00007ffae3325000 	C:\Users\kabocchi\.openjfx\cache\13\vcruntime140.dll
0x00007ffaa57d0000 - 0x00007ffaa586b000 	C:\Users\kabocchi\.openjfx\cache\13\msvcp140.dll
0x00007ffab8a30000 - 0x00007ffab8a81000 	C:\Users\kabocchi\.openjfx\cache\13\concrt140.dll
0x00007fface740000 - 0x00007fface763000 	C:\Users\kabocchi\.openjfx\cache\13\prism_d3d.dll
0x00007ffab1310000 - 0x00007ffab14d7000 	C:\windows\system32\d3d9.dll
0x00007ffafb410000 - 0x00007ffafb43d000 	C:\windows\SYSTEM32\dwmapi.dll
0x00007ffafb950000 - 0x00007ffafb970000 	C:\windows\SYSTEM32\dxcore.dll
0x00007ffafaf00000 - 0x00007ffafaf99000 	C:\windows\system32\uxtheme.dll
0x00007ffab1140000 - 0x00007ffab1302000 	C:\windows\System32\DriverStore\FileRepository\iigd_dch.inf_amd64_8fa68ac50469b79e\igdumdim64.dll
0x00007ffaefa70000 - 0x00007ffaefb8a000 	C:\windows\System32\DriverStore\FileRepository\iigd_dch.inf_amd64_8fa68ac50469b79e\igdgmm64.dll
0x00007ffaad710000 - 0x00007ffab113d000 	C:\windows\System32\DriverStore\FileRepository\iigd_dch.inf_amd64_8fa68ac50469b79e\igd9dxva64.dll
0x00007ffafde50000 - 0x00007ffafdfa6000 	C:\windows\System32\OLE32.dll
0x00007ffafee00000 - 0x00007ffafeec4000 	C:\windows\System32\OLEAUT32.dll
0x00007ffac2180000 - 0x00007ffac21c5000 	C:\Users\kabocchi\.openjfx\cache\13\glass.dll
0x00007ffafec00000 - 0x00007ffafecd0000 	C:\windows\System32\COMDLG32.dll
0x00007ffaff880000 - 0x00007ffaff9b6000 	C:\windows\System32\MSCTF.dll
0x00007ffaf20b0000 - 0x00007ffaf20d1000 	C:\windows\System32\DriverStore\FileRepository\iigd_dch.inf_amd64_8fa68ac50469b79e\igdinfo64.dll
0x00007ffaea930000 - 0x00007ffaec8f8000 	C:\windows\System32\DriverStore\FileRepository\iigd_dch.inf_amd64_8fa68ac50469b79e\igc64.dll
0x00007ffaa08d0000 - 0x00007ffaa0a69000 	C:\Program Files\Java\jdk-13.0.1\bin\awt.dll
0x00007ffaf69c0000 - 0x00007ffaf6f80000 	C:\windows\SYSTEM32\d2d1.dll
0x00007ffaf7da0000 - 0x00007ffaf7e2f000 	C:\windows\SYSTEM32\apphelp.dll
0x00007ffadd550000 - 0x00007ffadd6a6000 	C:\windows\system32\opengl32.dll
0x00007ffadd3f0000 - 0x00007ffadd41c000 	C:\windows\SYSTEM32\GLU32.dll
0x00007ffaa9490000 - 0x00007ffaa9512000 	C:\Program Files\Java\jdk-13.0.1\bin\freetype.dll
0x00007ffaa4060000 - 0x00007ffaa4106000 	C:\Program Files\Java\jdk-13.0.1\bin\fontmanager.dll

dbghelp: loaded successfully - version: 4.0.5 - missing functions: none
symbol engine: initialized successfully - sym options: 0x614 - pdb path: .;C:\Program Files\Java\jdk-13.0.1\bin;C:\windows\SYSTEM32;C:\windows\WinSxS\amd64_microsoft.windows.common-controls_6595b64144ccf1df_6.0.18362.418_none_e6c6b287130d565d;C:\Program Files\Java\jdk-13.0.1\bin\server;C:\Program Files\JetBrains\IntelliJ IDEA Community Edition 2019.2.4\bin;C:\Users\kabocchi\.openjfx\cache\13;C:\windows\System32\DriverStore\FileRepository\iigd_dch.inf_amd64_8fa68ac50469b79e

VM Arguments:
jvm_args: -javaagent:C:\Program Files\JetBrains\IntelliJ IDEA Community Edition 2019.2.4\lib\idea_rt.jar=53268:C:\Program Files\JetBrains\IntelliJ IDEA Community Edition 2019.2.4\bin -Dfile.encoding=UTF-8 
java_command: com.github.kabocchi.king_LMS_Lite.MainKt
java_class_path (initial): F:\king-LMS-Lite\target\classes;C:\Users\kabocchi\.m2\repository\org\jetbrains\kotlin\kotlin-stdlib-jdk8\1.3.50\kotlin-stdlib-jdk8-1.3.50.jar;C:\Users\kabocchi\.m2\repository\org\jetbrains\kotlin\kotlin-stdlib\1.3.50\kotlin-stdlib-1.3.50.jar;C:\Users\kabocchi\.m2\repository\org\jetbrains\kotlin\kotlin-stdlib-common\1.3.50\kotlin-stdlib-common-1.3.50.jar;C:\Users\kabocchi\.m2\repository\org\jetbrains\annotations\13.0\annotations-13.0.jar;C:\Users\kabocchi\.m2\repository\org\jetbrains\kotlin\kotlin-stdlib-jdk7\1.3.50\kotlin-stdlib-jdk7-1.3.50.jar;C:\Users\kabocchi\.m2\repository\org\openjfx\javafx-controls\13\javafx-controls-13.jar;C:\Users\kabocchi\.m2\repository\org\openjfx\javafx-controls\13\javafx-controls-13-win.jar;C:\Users\kabocchi\.m2\repository\org\openjfx\javafx-graphics\13\javafx-graphics-13.jar;C:\Users\kabocchi\.m2\repository\org\openjfx\javafx-graphics\13\javafx-graphics-13-win.jar;C:\Users\kabocchi\.m2\repository\org\openjfx\javafx-base\13\javafx-base-13.jar;C:\Users\kabocchi\.m2\repository\org\openjfx\javafx-base\13\javafx-base-13-win.jar;C:\Users\kabocchi\.m2\repository\org\openjfx\javafx-fxml\13.0.1\javafx-fxml-13.0.1.jar;C:\Users\kabocchi\.m2\repository\org\openjfx\javafx-fxml\13.0.1\javafx-fxml-13.0.1-win.jar;C:\Users\kabocchi\.m2\repository\com\eclipsesource\minimal-json\minimal-json\0.9.4\minimal-json-0.9.4.jar;C:\Users\kabocchi\.m2\repository\org\jsoup\jsoup\1.12.1\jsoup-1.12.1.jar;C:\Users\kabocchi\.m2\repository\com\google\apis\google-api-services-calendar\v3-rev400-1.25.0\google-api-services-calendar-v3-rev400-1.25.0.jar;C:\Users\kabocchi\.m2\repository\com\google\api-client\google-api-client\1.25.0\google-api-client-1.25.0.jar;C:\Users\kabocchi\.m2\repository\com\google\oauth-client\google-oauth-client\1.25.0\google-oauth-client-1.25.0.jar;C:\Users\kabocchi\.m2\repository\com\google\http-client\google-http-client\1.25.0\google-http-client-1.25.0.jar;C:\Users\kabocchi\.m2\repository\org\apache\httpcomponents\httpc
Launcher Type: SUN_STANDARD

[Global flags]
     intx CICompilerCount                          = 4                                         {product} {ergonomic}
     uint ConcGCThreads                            = 2                                         {product} {ergonomic}
     uint G1ConcRefinementThreads                  = 8                                         {product} {ergonomic}
   size_t G1HeapRegionSize                         = 1048576                                   {product} {ergonomic}
    uintx GCDrainStackTargetSize                   = 64                                        {product} {ergonomic}
   size_t InitialHeapSize                          = 268435456                                 {product} {ergonomic}
   size_t MarkStackSize                            = 4194304                                   {product} {ergonomic}
   size_t MaxHeapSize                              = 4265607168                                {product} {ergonomic}
   size_t MaxNewSize                               = 2558525440                                {product} {ergonomic}
   size_t MinHeapDeltaBytes                        = 1048576                                   {product} {ergonomic}
   size_t MinHeapSize                              = 8388608                                   {product} {ergonomic}
    uintx NonNMethodCodeHeapSize                   = 5836300                                {pd product} {ergonomic}
    uintx NonProfiledCodeHeapSize                  = 122910970                              {pd product} {ergonomic}
    uintx ProfiledCodeHeapSize                     = 122910970                              {pd product} {ergonomic}
    uintx ReservedCodeCacheSize                    = 251658240                              {pd product} {ergonomic}
     bool SegmentedCodeCache                       = true                                      {product} {ergonomic}
   size_t SoftMaxHeapSize                          = 4265607168                             {manageable} {ergonomic}
     bool UseCompressedClassPointers               = true                                 {lp64_product} {ergonomic}
     bool UseCompressedOops                        = true                                 {lp64_product} {ergonomic}
     bool UseG1GC                                  = true                                      {product} {ergonomic}
     bool UseLargePagesIndividualAllocation        = false                                  {pd product} {ergonomic}

Logging:
Log output configuration:
 #0: stdout all=warning uptime,level,tags
 #1: stderr all=off uptime,level,tags

Environment Variables:
JAVA_HOME=C:\Program Files\Java\jdk-13.0.1
PATH=C:\Program Files (x86)\Common Files\Oracle\Java\javapath;C:\windows\system32;C:\windows;C:\windows\System32\Wbem;C:\windows\System32\WindowsPowerShell\v1.0\;C:\windows\System32\OpenSSH\;C:\Program Files\dotnet\;C:\Program Files\Git\cmd;C:\Program Files\Intel\WiFi\bin\;C:\Program Files\Common Files\Intel\WirelessCommon\;C:\Program Files\Java\jdk-13.0.1\bin\;C:\Users\kabocchi\AppData\Local\Microsoft\WindowsApps;C:\Program Files\Bandizip\;C:\apache-maven-3.6.2\bin;C:\Program Files\Java\jdk-13.0.1\bin;
USERNAME=kabocchi
OS=Windows_NT
PROCESSOR_IDENTIFIER=Intel64 Family 6 Model 142 Stepping 12, GenuineIntel



---------------  S Y S T E M  ---------------

OS: Windows 10 , 64 bit Build 18362 (10.0.18362.329)

CPU:total 8 (initial active 8) (4 cores per cpu, 2 threads per core) family 6 model 142 stepping 12, cmov, cx8, fxsr, mmx, sse, sse2, sse3, ssse3, sse4.1, sse4.2, popcnt, avx, avx2, aes, clmul, erms, 3dnowpref, lzcnt, ht, tsc, tscinvbit, bmi1, bmi2, adx, fma

Memory: 4k page, system-wide physical 16271M (8287M free)
TotalPageFile size 19215M (AvailPageFile size 8051M)
current process WorkingSet (physical memory assigned to process): 97M, peak: 97M
current process commit charge ("private bytes"): 388M, peak: 388M

vm_info: Java HotSpot(TM) 64-Bit Server VM (13.0.1+9) for windows-amd64 JRE (13.0.1+9), built on Oct  6 2019 12:37:49 by "mach5one" with unknown MS VC++:1916

END.
